21/05/06 01:40:07 : Username and Password not accepted. Learn more at<EOL> https://support.google.com/mail/?p=BadCredentials u9sm944359wmc.38 - gsmtp<EOL>
21/05/06 01:43:43 : Username and Password not accepted. Learn more at<EOL> https://support.google.com/mail/?p=BadCredentials p7sm1081942wrt.24 - gsmtp<EOL>
21/07/12 12:17:08 : Username and Password not accepted. Learn more at<EOL> https://support.google.com/mail/?p=BadCredentials y19sm723399wma.21 - gsmtp<EOL>
21/07/12 12:17:08 : Username and Password not accepted. Learn more at<EOL> https://support.google.com/mail/?p=BadCredentials m12sm11898981wms.24 - gsmtp<EOL>
21/07/12 12:17:08 : Username and Password not accepted. Learn more at<EOL> https://support.google.com/mail/?p=BadCredentials b187sm7213601wmd.40 - gsmtp<EOL>
21/07/12 12:17:08 : Username and Password not accepted. Learn more at<EOL> https://support.google.com/mail/?p=BadCredentials s13sm9962654wrm.13 - gsmtp<EOL>
21/07/12 12:17:09 : Username and Password not accepted. Learn more at<EOL> https://support.google.com/mail/?p=BadCredentials t5sm7595843wrw.38 - gsmtp<EOL>
21/07/12 12:17:09 : Username and Password not accepted. Learn more at<EOL> https://support.google.com/mail/?p=BadCredentials s4sm1372486wmh.41 - gsmtp<EOL>
21/07/12 12:17:09 : Username and Password not accepted. Learn more at<EOL> https://support.google.com/mail/?p=BadCredentials p15sm11659005wmq.43 - gsmtp<EOL>
21/07/12 12:18:52 : Username and Password not accepted. Learn more at<EOL> https://support.google.com/mail/?p=BadCredentials q19sm19245736wmc.44 - gsmtp<EOL>
21/07/12 12:18:53 : Username and Password not accepted. Learn more at<EOL> https://support.google.com/mail/?p=BadCredentials v9sm2158486wml.36 - gsmtp<EOL>
21/07/12 12:18:53 : Username and Password not accepted. Learn more at<EOL> https://support.google.com/mail/?p=BadCredentials j6sm6098246wrm.97 - gsmtp<EOL>
21/07/12 12:18:53 : Username and Password not accepted. Learn more at<EOL> https://support.google.com/mail/?p=BadCredentials o17sm19388716wmh.19 - gsmtp<EOL>
21/07/12 12:18:54 : Username and Password not accepted. Learn more at<EOL> https://support.google.com/mail/?p=BadCredentials a10sm13911806wrm.12 - gsmtp<EOL>
21/07/12 12:18:54 : Username and Password not accepted. Learn more at<EOL> https://support.google.com/mail/?p=BadCredentials s17sm14004158wrv.2 - gsmtp<EOL>
21/07/12 12:18:55 : Username and Password not accepted. Learn more at<EOL> https://support.google.com/mail/?p=BadCredentials p2sm11464547wma.27 - gsmtp<EOL>
21/07/12 12:18:55 : Username and Password not accepted. Learn more at<EOL> https://support.google.com/mail/?p=BadCredentials h13sm13828177wrs.68 - gsmtp<EOL>
21/07/12 12:18:55 : Username and Password not accepted. Learn more at<EOL> https://support.google.com/mail/?p=BadCredentials z25sm6291457wmf.9 - gsmtp<EOL>
21/07/12 12:19:49 : Username and Password not accepted. Learn more at<EOL> https://support.google.com/mail/?p=BadCredentials n7sm18917610wmq.37 - gsmtp<EOL>
21/07/12 12:19:50 : Username and Password not accepted. Learn more at<EOL> https://support.google.com/mail/?p=BadCredentials u15sm17186527wmq.1 - gsmtp<EOL>
21/07/12 12:19:50 : Username and Password not accepted. Learn more at<EOL> https://support.google.com/mail/?p=BadCredentials o17sm19390946wmh.19 - gsmtp<EOL>
21/07/12 12:19:51 : Username and Password not accepted. Learn more at<EOL> https://support.google.com/mail/?p=BadCredentials p11sm8886585wrw.53 - gsmtp<EOL>
21/07/12 12:19:51 : Username and Password not accepted. Learn more at<EOL> https://support.google.com/mail/?p=BadCredentials t16sm13963706wrp.44 - gsmtp<EOL>
21/07/12 12:19:52 : Username and Password not accepted. Learn more at<EOL> https://support.google.com/mail/?p=BadCredentials l24sm3642826wmi.30 - gsmtp<EOL>
21/07/12 12:19:52 : Username and Password not accepted. Learn more at<EOL> https://support.google.com/mail/?p=BadCredentials s17sm14006868wrv.2 - gsmtp<EOL>
21/07/12 12:19:52 : Username and Password not accepted. Learn more at<EOL> https://support.google.com/mail/?p=BadCredentials 19sm2177297wmu.17 - gsmtp<EOL>
21/07/12 12:19:53 : Username and Password not accepted. Learn more at<EOL> https://support.google.com/mail/?p=BadCredentials f15sm5571323wmj.15 - gsmtp<EOL>
21/07/12 12:20:45 : Username and Password not accepted. Learn more at<EOL> https://support.google.com/mail/?p=BadCredentials c10sm12153126wmb.40 - gsmtp<EOL>
21/07/12 12:20:45 : Username and Password not accepted. Learn more at<EOL> https://support.google.com/mail/?p=BadCredentials j1sm19143540wms.7 - gsmtp<EOL>
21/07/12 12:20:46 : Username and Password not accepted. Learn more at<EOL> https://support.google.com/mail/?p=BadCredentials i12sm14266820wrp.57 - gsmtp<EOL>
21/07/12 12:20:46 : Username and Password not accepted. Learn more at<EOL> https://support.google.com/mail/?p=BadCredentials d29sm2238901wrb.63 - gsmtp<EOL>
21/07/12 12:20:47 : Username and Password not accepted. Learn more at<EOL> https://support.google.com/mail/?p=BadCredentials o17sm19393346wmh.19 - gsmtp<EOL>
21/07/12 12:20:47 : Username and Password not accepted. Learn more at<EOL> https://support.google.com/mail/?p=BadCredentials a64sm11970231wme.8 - gsmtp<EOL>
21/07/12 12:20:48 : Username and Password not accepted. Learn more at<EOL> https://support.google.com/mail/?p=BadCredentials q19sm19250316wmc.44 - gsmtp<EOL>
21/07/12 12:20:48 : Username and Password not accepted. Learn more at<EOL> https://support.google.com/mail/?p=BadCredentials o11sm20282059wmc.2 - gsmtp<EOL>
21/07/12 12:20:48 : Username and Password not accepted. Learn more at<EOL> https://support.google.com/mail/?p=BadCredentials l22sm5112109wmp.41 - gsmtp<EOL>
21/07/12 12:22:18 : Username and Password not accepted. Learn more at<EOL> https://support.google.com/mail/?p=BadCredentials r3sm6039538wrw.24 - gsmtp<EOL>
21/07/12 12:22:19 : Username and Password not accepted. Learn more at<EOL> https://support.google.com/mail/?p=BadCredentials k22sm11212914wms.47 - gsmtp<EOL>
21/07/12 12:22:19 : Username and Password not accepted. Learn more at<EOL> https://support.google.com/mail/?p=BadCredentials w9sm12119387wmc.19 - gsmtp<EOL>
21/07/12 12:22:19 : Username and Password not accepted. Learn more at<EOL> https://support.google.com/mail/?p=BadCredentials n2sm14114615wrx.40 - gsmtp<EOL>
21/07/12 12:22:20 : Username and Password not accepted. Learn more at<EOL> https://support.google.com/mail/?p=BadCredentials n7sm18923467wmq.37 - gsmtp<EOL>
21/07/12 12:22:20 : Username and Password not accepted. Learn more at<EOL> https://support.google.com/mail/?p=BadCredentials n16sm14250943wrr.73 - gsmtp<EOL>
21/07/12 12:22:21 : Username and Password not accepted. Learn more at<EOL> https://support.google.com/mail/?p=BadCredentials x1sm12240042wmc.31 - gsmtp<EOL>
21/07/12 12:22:21 : Username and Password not accepted. Learn more at<EOL> https://support.google.com/mail/?p=BadCredentials o11sm11826103wmq.1 - gsmtp<EOL>
21/07/12 12:22:21 : Username and Password not accepted. Learn more at<EOL> https://support.google.com/mail/?p=BadCredentials v21sm8638794wml.5 - gsmtp<EOL>
21/07/12 12:23:11 : Username and Password not accepted. Learn more at<EOL> https://support.google.com/mail/?p=BadCredentials s13sm9979266wrm.13 - gsmtp<EOL>
21/07/12 12:23:11 : Username and Password not accepted. Learn more at<EOL> https://support.google.com/mail/?p=BadCredentials y19sm737013wma.21 - gsmtp<EOL>
21/07/12 12:23:12 : Username and Password not accepted. Learn more at<EOL> https://support.google.com/mail/?p=BadCredentials v15sm19770862wmj.39 - gsmtp<EOL>
21/07/12 12:23:12 : Username and Password not accepted. Learn more at<EOL> https://support.google.com/mail/?p=BadCredentials r19sm966240wrr.32 - gsmtp<EOL>
21/07/12 12:23:13 : Username and Password not accepted. Learn more at<EOL> https://support.google.com/mail/?p=BadCredentials z16sm7524234wrl.8 - gsmtp<EOL>
21/07/12 12:23:13 : Username and Password not accepted. Learn more at<EOL> https://support.google.com/mail/?p=BadCredentials m6sm16764611wrw.9 - gsmtp<EOL>
21/07/12 12:23:14 : Username and Password not accepted. Learn more at<EOL> https://support.google.com/mail/?p=BadCredentials x1sm20922417wmc.0 - gsmtp<EOL>
21/07/12 12:23:14 : Username and Password not accepted. Learn more at<EOL> https://support.google.com/mail/?p=BadCredentials u2sm11800023wmc.42 - gsmtp<EOL>
21/07/12 12:23:14 : Username and Password not accepted. Learn more at<EOL> https://support.google.com/mail/?p=BadCredentials p2sm8543569wmg.6 - gsmtp<EOL>
21/07/12 12:24:34 : Username and Password not accepted. Learn more at<EOL> https://support.google.com/mail/?p=BadCredentials d8sm1958751wrv.20 - gsmtp<EOL>
21/07/12 12:24:34 : Username and Password not accepted. Learn more at<EOL> https://support.google.com/mail/?p=BadCredentials b16sm14312250wrs.51 - gsmtp<EOL>
21/07/12 12:24:35 : Username and Password not accepted. Learn more at<EOL> https://support.google.com/mail/?p=BadCredentials b11sm13908142wrf.43 - gsmtp<EOL>
21/07/12 12:24:35 : Username and Password not accepted. Learn more at<EOL> https://support.google.com/mail/?p=BadCredentials m6sm16769052wrw.9 - gsmtp<EOL>
21/07/12 12:24:36 : Username and Password not accepted. Learn more at<EOL> https://support.google.com/mail/?p=BadCredentials r67sm7899160wma.6 - gsmtp<EOL>
21/07/12 12:24:36 : Username and Password not accepted. Learn more at<EOL> https://support.google.com/mail/?p=BadCredentials f1sm13403527wri.74 - gsmtp<EOL>
21/07/12 12:24:36 : Username and Password not accepted. Learn more at<EOL> https://support.google.com/mail/?p=BadCredentials t3sm8952840wmi.14 - gsmtp<EOL>
21/07/12 12:24:37 : Username and Password not accepted. Learn more at<EOL> https://support.google.com/mail/?p=BadCredentials b187sm7231525wmd.40 - gsmtp<EOL>
21/07/12 12:24:37 : Username and Password not accepted. Learn more at<EOL> https://support.google.com/mail/?p=BadCredentials f5sm15032685wrg.67 - gsmtp<EOL>
21/07/12 12:26:38 : Username and Password not accepted. Learn more at<EOL> https://support.google.com/mail/?p=BadCredentials p7sm13682677wrr.21 - gsmtp<EOL>
21/07/12 12:26:38 : Username and Password not accepted. Learn more at<EOL> https://support.google.com/mail/?p=BadCredentials c10sm12166571wmb.40 - gsmtp<EOL>
21/07/12 12:26:38 : Username and Password not accepted. Learn more at<EOL> https://support.google.com/mail/?p=BadCredentials y23sm12493829wmi.28 - gsmtp<EOL>
21/07/12 12:26:39 : Username and Password not accepted. Learn more at<EOL> https://support.google.com/mail/?p=BadCredentials g7sm954874wmq.22 - gsmtp<EOL>
21/07/12 12:26:39 : Username and Password not accepted. Learn more at<EOL> https://support.google.com/mail/?p=BadCredentials b11sm13913702wrf.43 - gsmtp<EOL>
21/07/12 12:26:40 : Username and Password not accepted. Learn more at<EOL> https://support.google.com/mail/?p=BadCredentials j16sm13852681wrw.62 - gsmtp<EOL>
21/07/12 12:26:40 : Username and Password not accepted. Learn more at<EOL> https://support.google.com/mail/?p=BadCredentials 19sm2193210wmu.17 - gsmtp<EOL>
21/07/12 12:26:41 : Username and Password not accepted. Learn more at<EOL> https://support.google.com/mail/?p=BadCredentials m15sm6139150wmc.20 - gsmtp<EOL>
21/07/12 12:26:41 : Username and Password not accepted. Learn more at<EOL> https://support.google.com/mail/?p=BadCredentials n18sm3424896wrt.89 - gsmtp<EOL>
21/07/12 12:32:19 : Username and Password not accepted. Learn more at<EOL> https://support.google.com/mail/?p=BadCredentials n41sm18547302wms.26 - gsmtp<EOL>
21/07/12 12:32:19 : Username and Password not accepted. Learn more at<EOL> https://support.google.com/mail/?p=BadCredentials z16sm3514606wrh.58 - gsmtp<EOL>
21/07/12 12:32:19 : Username and Password not accepted. Learn more at<EOL> https://support.google.com/mail/?p=BadCredentials u12sm14017569wrt.50 - gsmtp<EOL>
21/07/12 12:32:20 : Username and Password not accepted. Learn more at<EOL> https://support.google.com/mail/?p=BadCredentials k24sm6889397wrh.30 - gsmtp<EOL>
21/07/12 12:32:20 : Username and Password not accepted. Learn more at<EOL> https://support.google.com/mail/?p=BadCredentials f22sm12200936wmb.46 - gsmtp<EOL>
21/07/12 12:32:21 : Username and Password not accepted. Learn more at<EOL> https://support.google.com/mail/?p=BadCredentials p3sm19577624wmq.17 - gsmtp<EOL>
21/07/12 12:32:21 : Username and Password not accepted. Learn more at<EOL> https://support.google.com/mail/?p=BadCredentials t16sm13998183wrp.44 - gsmtp<EOL>
21/07/12 12:32:22 : Username and Password not accepted. Learn more at<EOL> https://support.google.com/mail/?p=BadCredentials o29sm10546603wms.13 - gsmtp<EOL>
21/07/12 12:32:22 : Username and Password not accepted. Learn more at<EOL> https://support.google.com/mail/?p=BadCredentials t16sm13998226wrp.44 - gsmtp<EOL>
21/07/12 12:33:02 : Username and Password not accepted. Learn more at<EOL> https://support.google.com/mail/?p=BadCredentials x1sm20948341wmc.0 - gsmtp<EOL>
21/07/12 12:33:02 : Username and Password not accepted. Learn more at<EOL> https://support.google.com/mail/?p=BadCredentials y6sm199711wma.48 - gsmtp<EOL>
21/07/12 12:33:03 : Username and Password not accepted. Learn more at<EOL> https://support.google.com/mail/?p=BadCredentials n23sm4918913wmc.38 - gsmtp<EOL>
21/07/12 12:33:03 : Username and Password not accepted. Learn more at<EOL> https://support.google.com/mail/?p=BadCredentials x17sm14286238wru.6 - gsmtp<EOL>
21/07/12 12:33:04 : Username and Password not accepted. Learn more at<EOL> https://support.google.com/mail/?p=BadCredentials k20sm12775545wrd.70 - gsmtp<EOL>
21/07/12 12:33:05 : Username and Password not accepted. Learn more at<EOL> https://support.google.com/mail/?p=BadCredentials n20sm11914146wmk.12 - gsmtp<EOL>
21/07/12 12:33:05 : Username and Password not accepted. Learn more at<EOL> https://support.google.com/mail/?p=BadCredentials b12sm13999209wrx.60 - gsmtp<EOL>
21/07/12 12:33:06 : Username and Password not accepted. Learn more at<EOL> https://support.google.com/mail/?p=BadCredentials o19sm19039521wmc.12 - gsmtp<EOL>
21/07/12 12:33:07 : Username and Password not accepted. Learn more at<EOL> https://support.google.com/mail/?p=BadCredentials a207sm21297198wme.27 - gsmtp<EOL>
21/07/12 12:37:20 : Username and Password not accepted. Learn more at<EOL> https://support.google.com/mail/?p=BadCredentials j17sm23267575wmq.9 - gsmtp<EOL>
21/07/12 12:37:21 : Username and Password not accepted. Learn more at<EOL> https://support.google.com/mail/?p=BadCredentials g138sm7311556wmg.32 - gsmtp<EOL>
21/07/12 12:37:21 : Username and Password not accepted. Learn more at<EOL> https://support.google.com/mail/?p=BadCredentials j16sm13880908wrw.62 - gsmtp<EOL>
21/07/12 12:37:21 : Username and Password not accepted. Learn more at<EOL> https://support.google.com/mail/?p=BadCredentials a64sm12005995wme.8 - gsmtp<EOL>
21/07/12 12:37:22 : Username and Password not accepted. Learn more at<EOL> https://support.google.com/mail/?p=BadCredentials x8sm6444408wrt.93 - gsmtp<EOL>
21/07/12 12:37:22 : Username and Password not accepted. Learn more at<EOL> https://support.google.com/mail/?p=BadCredentials o17sm10995269wms.32 - gsmtp<EOL>
21/07/12 12:37:23 : Username and Password not accepted. Learn more at<EOL> https://support.google.com/mail/?p=BadCredentials f2sm13925418wrq.69 - gsmtp<EOL>
21/07/12 12:37:23 : Username and Password not accepted. Learn more at<EOL> https://support.google.com/mail/?p=BadCredentials n20sm11923753wmk.12 - gsmtp<EOL>
21/07/12 12:37:24 : Username and Password not accepted. Learn more at<EOL> https://support.google.com/mail/?p=BadCredentials r67sm7932140wma.6 - gsmtp<EOL>
21/07/12 12:38:19 : Username and Password not accepted. Learn more at<EOL> https://support.google.com/mail/?p=BadCredentials c125sm18471742wme.36 - gsmtp<EOL>
21/07/12 12:38:19 : Username and Password not accepted. Learn more at<EOL> https://support.google.com/mail/?p=BadCredentials l22sm5153281wmp.41 - gsmtp<EOL>
21/07/12 12:38:20 : Username and Password not accepted. Learn more at<EOL> https://support.google.com/mail/?p=BadCredentials b12sm14013574wrx.60 - gsmtp<EOL>
21/07/12 12:38:20 : Username and Password not accepted. Learn more at<EOL> https://support.google.com/mail/?p=BadCredentials o11sm20323666wmc.2 - gsmtp<EOL>
21/07/12 12:38:21 : Username and Password not accepted. Learn more at<EOL> https://support.google.com/mail/?p=BadCredentials f15sm5615356wmj.15 - gsmtp<EOL>
21/07/12 12:38:21 : Username and Password not accepted. Learn more at<EOL> https://support.google.com/mail/?p=BadCredentials l2sm3000139wms.21 - gsmtp<EOL>
21/07/12 12:38:22 : Username and Password not accepted. Learn more at<EOL> https://support.google.com/mail/?p=BadCredentials m4sm6081910wrs.14 - gsmtp<EOL>
21/07/12 12:38:22 : Username and Password not accepted. Learn more at<EOL> https://support.google.com/mail/?p=BadCredentials l34sm23266892wms.45 - gsmtp<EOL>
21/07/12 12:38:22 : Username and Password not accepted. Learn more at<EOL> https://support.google.com/mail/?p=BadCredentials o17sm19437365wmh.19 - gsmtp<EOL>
21/07/12 12:40:09 : Username and Password not accepted. Learn more at<EOL> https://support.google.com/mail/?p=BadCredentials v21sm8681505wml.5 - gsmtp<EOL>
21/07/12 12:40:10 : Username and Password not accepted. Learn more at<EOL> https://support.google.com/mail/?p=BadCredentials h13sm13881676wrs.68 - gsmtp<EOL>
21/07/12 12:40:10 : Username and Password not accepted. Learn more at<EOL> https://support.google.com/mail/?p=BadCredentials l22sm5157464wmp.41 - gsmtp<EOL>
21/07/12 12:40:10 : Username and Password not accepted. Learn more at<EOL> https://support.google.com/mail/?p=BadCredentials s1sm19412903wmj.8 - gsmtp<EOL>
21/07/12 12:40:11 : Username and Password not accepted. Learn more at<EOL> https://support.google.com/mail/?p=BadCredentials f7sm7125113wru.11 - gsmtp<EOL>
21/07/12 12:40:11 : Username and Password not accepted. Learn more at<EOL> https://support.google.com/mail/?p=BadCredentials 19sm2225743wmu.17 - gsmtp<EOL>
21/07/12 12:40:12 : Username and Password not accepted. Learn more at<EOL> https://support.google.com/mail/?p=BadCredentials d8sm14031949wra.41 - gsmtp<EOL>
21/07/12 12:40:12 : Username and Password not accepted. Learn more at<EOL> https://support.google.com/mail/?p=BadCredentials w9sm12161355wmc.19 - gsmtp<EOL>
21/07/12 12:40:12 : Username and Password not accepted. Learn more at<EOL> https://support.google.com/mail/?p=BadCredentials b16sm14356790wrs.51 - gsmtp<EOL>
21/07/12 12:40:29 : Username and Password not accepted. Learn more at<EOL> https://support.google.com/mail/?p=BadCredentials z16sm3535888wrh.58 - gsmtp<EOL>
21/07/12 12:40:30 : Username and Password not accepted. Learn more at<EOL> https://support.google.com/mail/?p=BadCredentials n16sm14303464wrr.73 - gsmtp<EOL>
21/07/12 12:40:30 : Username and Password not accepted. Learn more at<EOL> https://support.google.com/mail/?p=BadCredentials l34sm23273350wms.45 - gsmtp<EOL>
21/07/12 12:40:30 : Username and Password not accepted. Learn more at<EOL> https://support.google.com/mail/?p=BadCredentials p16sm14045005wrs.52 - gsmtp<EOL>
21/07/12 12:40:31 : Username and Password not accepted. Learn more at<EOL> https://support.google.com/mail/?p=BadCredentials b11sm13947943wrf.43 - gsmtp<EOL>
21/07/12 12:40:32 : Username and Password not accepted. Learn more at<EOL> https://support.google.com/mail/?p=BadCredentials a10sm13966299wrm.12 - gsmtp<EOL>
21/07/12 12:40:32 : Username and Password not accepted. Learn more at<EOL> https://support.google.com/mail/?p=BadCredentials j16sm13889218wrw.62 - gsmtp<EOL>
21/07/12 12:40:33 : Username and Password not accepted. Learn more at<EOL> https://support.google.com/mail/?p=BadCredentials m5sm18919894wmq.2 - gsmtp<EOL>
21/07/12 12:40:33 : Username and Password not accepted. Learn more at<EOL> https://support.google.com/mail/?p=BadCredentials u16sm16631594wrw.36 - gsmtp<EOL>
21/07/12 12:45:26 : Username and Password not accepted. Learn more at<EOL> https://support.google.com/mail/?p=BadCredentials b12sm10312113wro.1 - gsmtp<EOL>
21/07/12 12:45:26 : Username and Password not accepted. Learn more at<EOL> https://support.google.com/mail/?p=BadCredentials f7sm7138826wru.11 - gsmtp<EOL>
21/07/12 12:45:27 : Username and Password not accepted. Learn more at<EOL> https://support.google.com/mail/?p=BadCredentials q19sm19020319wmq.38 - gsmtp<EOL>
21/07/12 12:45:27 : Username and Password not accepted. Learn more at<EOL> https://support.google.com/mail/?p=BadCredentials g7sm998369wmq.22 - gsmtp<EOL>
21/07/12 12:45:28 : Username and Password not accepted. Learn more at<EOL> https://support.google.com/mail/?p=BadCredentials l16sm20404193wmj.47 - gsmtp<EOL>
21/07/12 12:45:28 : Username and Password not accepted. Learn more at<EOL> https://support.google.com/mail/?p=BadCredentials n2sm14177265wrx.40 - gsmtp<EOL>
21/07/12 12:45:28 : Username and Password not accepted. Learn more at<EOL> https://support.google.com/mail/?p=BadCredentials s4sm1452739wmh.41 - gsmtp<EOL>
21/07/12 12:45:29 : Username and Password not accepted. Learn more at<EOL> https://support.google.com/mail/?p=BadCredentials t5sm7667938wrw.38 - gsmtp<EOL>
21/07/12 12:45:29 : Username and Password not accepted. Learn more at<EOL> https://support.google.com/mail/?p=BadCredentials t16sm14036947wrp.44 - gsmtp<EOL>
21/07/12 12:52:55 : Username and Password not accepted. Learn more at<EOL> https://support.google.com/mail/?p=BadCredentials j6sm6186028wrm.97 - gsmtp<EOL>
21/07/12 12:52:55 : Username and Password not accepted. Learn more at<EOL> https://support.google.com/mail/?p=BadCredentials f13sm14294426wrt.86 - gsmtp<EOL>
21/07/12 12:52:55 : Username and Password not accepted. Learn more at<EOL> https://support.google.com/mail/?p=BadCredentials f7sm9856868wml.35 - gsmtp<EOL>
21/07/12 12:52:56 : Username and Password not accepted. Learn more at<EOL> https://support.google.com/mail/?p=BadCredentials o11sm11896910wmq.1 - gsmtp<EOL>
21/07/12 12:52:56 : Username and Password not accepted. Learn more at<EOL> https://support.google.com/mail/?p=BadCredentials j1sm19221206wms.7 - gsmtp<EOL>
21/07/12 12:52:57 : Username and Password not accepted. Learn more at<EOL> https://support.google.com/mail/?p=BadCredentials 12sm20660282wme.28 - gsmtp<EOL>
21/07/12 12:52:57 : Username and Password not accepted. Learn more at<EOL> https://support.google.com/mail/?p=BadCredentials z7sm11798738wmp.34 - gsmtp<EOL>
21/07/12 12:52:57 : Username and Password not accepted. Learn more at<EOL> https://support.google.com/mail/?p=BadCredentials n18sm3492393wrt.89 - gsmtp<EOL>
21/07/12 12:52:58 : Username and Password not accepted. Learn more at<EOL> https://support.google.com/mail/?p=BadCredentials t3sm9025513wmi.14 - gsmtp<EOL>
21/07/12 13:01:02 : Username and Password not accepted. Learn more at<EOL> https://support.google.com/mail/?p=BadCredentials n16sm14359709wrr.73 - gsmtp<EOL>
21/07/12 13:01:02 : Username and Password not accepted. Learn more at<EOL> https://support.google.com/mail/?p=BadCredentials m4sm6138377wrs.14 - gsmtp<EOL>
21/07/12 13:01:02 : Username and Password not accepted. Learn more at<EOL> https://support.google.com/mail/?p=BadCredentials s4sm1498766wmh.41 - gsmtp<EOL>
21/07/12 13:01:03 : Username and Password not accepted. Learn more at<EOL> https://support.google.com/mail/?p=BadCredentials l2sm3047288wms.21 - gsmtp<EOL>
21/07/12 13:01:03 : Username and Password not accepted. Learn more at<EOL> https://support.google.com/mail/?p=BadCredentials z16sm7627724wrl.8 - gsmtp<EOL>
21/07/12 13:01:03 : Username and Password not accepted. Learn more at<EOL> https://support.google.com/mail/?p=BadCredentials a10sm14019203wrm.12 - gsmtp<EOL>
21/07/12 13:01:04 : Username and Password not accepted. Learn more at<EOL> https://support.google.com/mail/?p=BadCredentials b6sm3167434wmj.34 - gsmtp<EOL>
21/07/12 13:01:04 : Username and Password not accepted. Learn more at<EOL> https://support.google.com/mail/?p=BadCredentials v21sm8733328wml.5 - gsmtp<EOL>
21/07/12 13:01:05 : Username and Password not accepted. Learn more at<EOL> https://support.google.com/mail/?p=BadCredentials u18sm12060551wmj.15 - gsmtp<EOL>
21/07/12 13:01:40 : Username and Password not accepted. Learn more at<EOL> https://support.google.com/mail/?p=BadCredentials m32sm21976wms.23 - gsmtp<EOL>
21/07/12 13:01:41 : Username and Password not accepted. Learn more at<EOL> https://support.google.com/mail/?p=BadCredentials x1sm21024766wmc.0 - gsmtp<EOL>
21/07/12 13:01:41 : Username and Password not accepted. Learn more at<EOL> https://support.google.com/mail/?p=BadCredentials o7sm16240262wrv.72 - gsmtp<EOL>
21/07/12 13:01:42 : Username and Password not accepted. Learn more at<EOL> https://support.google.com/mail/?p=BadCredentials n13sm12158068wms.4 - gsmtp<EOL>
21/07/12 13:01:42 : Username and Password not accepted. Learn more at<EOL> https://support.google.com/mail/?p=BadCredentials x18sm13561867wrw.19 - gsmtp<EOL>
21/07/12 13:01:43 : Username and Password not accepted. Learn more at<EOL> https://support.google.com/mail/?p=BadCredentials b9sm16644716wrh.81 - gsmtp<EOL>
21/07/12 13:01:43 : Username and Password not accepted. Learn more at<EOL> https://support.google.com/mail/?p=BadCredentials v14sm4457575wru.77 - gsmtp<EOL>
21/07/12 13:01:44 : Username and Password not accepted. Learn more at<EOL> https://support.google.com/mail/?p=BadCredentials v9sm2257457wml.36 - gsmtp<EOL>
21/07/12 13:01:44 : Username and Password not accepted. Learn more at<EOL> https://support.google.com/mail/?p=BadCredentials s6sm3867014wrt.45 - gsmtp<EOL>
21/07/12 13:03:08 : Username and Password not accepted. Learn more at<EOL> https://support.google.com/mail/?p=BadCredentials m7sm17987933wms.0 - gsmtp<EOL>
21/07/12 13:03:08 : Username and Password not accepted. Learn more at<EOL> https://support.google.com/mail/?p=BadCredentials v14sm4461280wru.77 - gsmtp<EOL>
21/07/12 13:03:08 : Username and Password not accepted. Learn more at<EOL> https://support.google.com/mail/?p=BadCredentials p15sm11762160wmq.43 - gsmtp<EOL>
21/07/12 13:03:09 : Username and Password not accepted. Learn more at<EOL> https://support.google.com/mail/?p=BadCredentials 12sm20686487wme.28 - gsmtp<EOL>
21/07/12 13:03:10 : Username and Password not accepted. Learn more at<EOL> https://support.google.com/mail/?p=BadCredentials p15sm11762201wmq.43 - gsmtp<EOL>
21/07/12 13:03:10 : Username and Password not accepted. Learn more at<EOL> https://support.google.com/mail/?p=BadCredentials m7sm17988067wms.0 - gsmtp<EOL>
21/07/12 13:03:11 : Username and Password not accepted. Learn more at<EOL> https://support.google.com/mail/?p=BadCredentials f7sm7183023wru.11 - gsmtp<EOL>
21/07/12 13:03:11 : Username and Password not accepted. Learn more at<EOL> https://support.google.com/mail/?p=BadCredentials y13sm13914753wrp.80 - gsmtp<EOL>
21/07/12 13:03:12 : Username and Password not accepted. Learn more at<EOL> https://support.google.com/mail/?p=BadCredentials v9sm2261003wml.36 - gsmtp<EOL>
21/07/12 13:05:03 : Username and Password not accepted. Learn more at<EOL> https://support.google.com/mail/?p=BadCredentials z25sm6399835wmf.9 - gsmtp<EOL>
21/07/12 13:05:03 : Username and Password not accepted. Learn more at<EOL> https://support.google.com/mail/?p=BadCredentials t22sm12883623wmi.22 - gsmtp<EOL>
21/07/12 13:05:04 : Username and Password not accepted. Learn more at<EOL> https://support.google.com/mail/?p=BadCredentials o3sm13056925wrm.5 - gsmtp<EOL>
21/07/12 13:05:04 : Username and Password not accepted. Learn more at<EOL> https://support.google.com/mail/?p=BadCredentials u2sm11897149wmc.42 - gsmtp<EOL>
21/07/12 13:05:04 : Username and Password not accepted. Learn more at<EOL> https://support.google.com/mail/?p=BadCredentials o11sm11928215wmq.1 - gsmtp<EOL>
21/07/12 13:05:05 : Username and Password not accepted. Learn more at<EOL> https://support.google.com/mail/?p=BadCredentials f130sm9823070wmf.23 - gsmtp<EOL>
21/07/12 13:05:05 : Username and Password not accepted. Learn more at<EOL> https://support.google.com/mail/?p=BadCredentials l34sm23354698wms.45 - gsmtp<EOL>
21/07/12 13:05:06 : Username and Password not accepted. Learn more at<EOL> https://support.google.com/mail/?p=BadCredentials p11sm13031304wro.78 - gsmtp<EOL>
21/07/12 13:05:06 : Username and Password not accepted. Learn more at<EOL> https://support.google.com/mail/?p=BadCredentials a207sm21381533wme.27 - gsmtp<EOL>
21/07/12 13:12:10 : Username and Password not accepted. Learn more at<EOL> https://support.google.com/mail/?p=BadCredentials m6sm16923461wrw.9 - gsmtp<EOL>
21/07/12 13:12:10 : Username and Password not accepted. Learn more at<EOL> https://support.google.com/mail/?p=BadCredentials b12sm14107944wrx.60 - gsmtp<EOL>
21/07/12 13:12:10 : Username and Password not accepted. Learn more at<EOL> https://support.google.com/mail/?p=BadCredentials r4sm14346493wre.84 - gsmtp<EOL>
21/07/12 13:12:11 : Username and Password not accepted. Learn more at<EOL> https://support.google.com/mail/?p=BadCredentials g3sm10579175wru.95 - gsmtp<EOL>
21/07/12 13:12:11 : Username and Password not accepted. Learn more at<EOL> https://support.google.com/mail/?p=BadCredentials f82sm18348719wmf.25 - gsmtp<EOL>
21/07/12 13:12:12 : Username and Password not accepted. Learn more at<EOL> https://support.google.com/mail/?p=BadCredentials m187sm3968308wmm.16 - gsmtp<EOL>
21/07/12 13:12:12 : Username and Password not accepted. Learn more at<EOL> https://support.google.com/mail/?p=BadCredentials e8sm14044368wrq.10 - gsmtp<EOL>
21/07/12 13:12:12 : Username and Password not accepted. Learn more at<EOL> https://support.google.com/mail/?p=BadCredentials r19sm1111415wrr.32 - gsmtp<EOL>
21/07/12 13:12:13 : Username and Password not accepted. Learn more at<EOL> https://support.google.com/mail/?p=BadCredentials d14sm3387897wrs.49 - gsmtp<EOL>
21/07/12 13:12:36 : Username and Password not accepted. Learn more at<EOL> https://support.google.com/mail/?p=BadCredentials w15sm1841455wmi.3 - gsmtp<EOL>
21/07/12 13:12:36 : Username and Password not accepted. Learn more at<EOL> https://support.google.com/mail/?p=BadCredentials u12sm14123106wrt.50 - gsmtp<EOL>
21/07/12 13:12:36 : Username and Password not accepted. Learn more at<EOL> https://support.google.com/mail/?p=BadCredentials l18sm9538052wme.29 - gsmtp<EOL>
21/07/12 13:12:37 : Username and Password not accepted. Learn more at<EOL> https://support.google.com/mail/?p=BadCredentials f82sm18349829wmf.25 - gsmtp<EOL>
21/07/12 13:12:37 : Username and Password not accepted. Learn more at<EOL> https://support.google.com/mail/?p=BadCredentials y11sm16417688wmi.33 - gsmtp<EOL>
21/07/12 13:12:38 : Username and Password not accepted. Learn more at<EOL> https://support.google.com/mail/?p=BadCredentials n2sm14250772wrx.40 - gsmtp<EOL>
21/07/12 13:12:38 : Username and Password not accepted. Learn more at<EOL> https://support.google.com/mail/?p=BadCredentials 12sm20710295wme.28 - gsmtp<EOL>
21/07/12 13:12:39 : Username and Password not accepted. Learn more at<EOL> https://support.google.com/mail/?p=BadCredentials e11sm12003364wrt.0 - gsmtp<EOL>
21/07/12 13:12:39 : Username and Password not accepted. Learn more at<EOL> https://support.google.com/mail/?p=BadCredentials v9sm2284041wml.36 - gsmtp<EOL>
21/07/12 17:08:45 : Username and Password not accepted. Learn more at<EOL> https://support.google.com/mail/?p=BadCredentials e6sm5717482wrg.18 - gsmtp<EOL>
21/07/12 17:08:45 : Username and Password not accepted. Learn more at<EOL> https://support.google.com/mail/?p=BadCredentials m32sm565464wms.23 - gsmtp<EOL>
21/07/12 17:18:43 : Username and Password not accepted. Learn more at<EOL> https://support.google.com/mail/?p=BadCredentials p2sm12149854wma.27 - gsmtp<EOL>
21/07/12 17:18:43 : Username and Password not accepted. Learn more at<EOL> https://support.google.com/mail/?p=BadCredentials w9sm12774113wmc.19 - gsmtp<EOL>
21/07/12 17:20:08 : Username and Password not accepted. Learn more at<EOL> https://support.google.com/mail/?p=BadCredentials u15sm20011479wmq.48 - gsmtp<EOL>
21/07/12 17:20:09 : Username and Password not accepted. Learn more at<EOL> https://support.google.com/mail/?p=BadCredentials o29sm11192527wms.13 - gsmtp<EOL>
21/07/12 17:21:50 : <https://accounts.google.com/signin/continue?sarp=1&scc=1&plt=AKgnsbv<EOL>niEArU3SNSoQj2pHd4LfU5iSjuFWQVT9nZJC0Y0_13aM1tZ_RL7anVhEissNsx8zGZVRq<EOL>OptMBwSbzoCh6sDf6DFN1hLd55MW7IN8YydeHyEl5EMfnRMaZfqw6-w-CD042Llt><EOL>Please log in via your web browser and then try again.<EOL> Learn more at<EOL> https://support.google.com/mail/answer/78754 129sm6009903wmz.26 - gsmtp<EOL>
21/07/12 17:21:51 : <https://accounts.google.com/signin/continue?sarp=1&scc=1&plt=AKgnsbu<EOL>h5rsE0sVay68Zi-EMBC05iHmSdPuZNwlFpjbGfqM_oL3VpGQOVEAgn4-jUk2uZg1nKtwZ<EOL>aoUK-DMm8VDdnSfcwSe_JzoRTf1io8fCRB5bWJMpylRUtdUDxpEK45F8ZSmAO9Cy><EOL>Please log in via your web browser and then try again.<EOL> Learn more at<EOL> https://support.google.com/mail/answer/78754 t11sm14682284wrz.7 - gsmtp<EOL>
21/07/12 17:26:15 : <https://accounts.google.com/signin/continue?sarp=1&scc=1&plt=AKgnsbv<EOL>NLkx_sU5oZbbxBDerjE1aJHd04kb7Oe24oOhhmtOHGq5eVI1smfBQBizDViFjyeQmR4ez<EOL>6iUOAsXurH-Be-HR_vxqs6TcDaNrKAnC9rmpQcCBYBG6B1GxSovIEW62SAVjRozf><EOL>Please log in via your web browser and then try again.<EOL> Learn more at<EOL> https://support.google.com/mail/answer/78754 d24sm20181605wmb.42 - gsmtp<EOL>
21/07/12 17:26:15 : <https://accounts.google.com/signin/continue?sarp=1&scc=1&plt=AKgnsbu<EOL>m-Cv8zCqhB_cjG7pAZpg4iL2vrfMunhWV2l00469Xr-EdTIYeOwBr6ecl6syVrIuGy-u9<EOL>EK4O1XoKqoRyK4cQQP_Sk3qzK8TgUlYfrSJ34h2tJ7WXGl2EOshL0hkvozysm3LV><EOL>Please log in via your web browser and then try again.<EOL> Learn more at<EOL> https://support.google.com/mail/answer/78754 a10sm14717897wrm.12 - gsmtp<EOL>
21/07/12 17:33:30 : <https://accounts.google.com/signin/continue?sarp=1&scc=1&plt=AKgnsbt<EOL>p2prLPe2IWqKoWgMxwVn6C3dMsqD0ceDHtdiFYQ05gMLEadBV6My8TX_QCYc_cnG3gdNf<EOL>v1s_65wAyPFOIKxj6H5nvpZCVbEHwYCS6s-Vfieq5iZC0DzccRl0tlA5zEWzJ7Jx><EOL>Please log in via your web browser and then try again.<EOL> Learn more at<EOL> https://support.google.com/mail/answer/78754 n16sm15082390wrr.73 - gsmtp<EOL>
21/07/12 17:33:32 : <https://accounts.google.com/signin/continue?sarp=1&scc=1&plt=AKgnsbs<EOL>DlL0Z8Cc9KoDbbvHeQL6YTA-SWUuOCCASEyGN0KtzwnY-m_i0IJsQWHckaeMWZwDUgKwa<EOL>iA3DCLdBjvjM9rNf0CfDHJOqwMLQEoxJG4B9L2w447iXspI9n5AmWfihjWjD1vEE><EOL>Please log in via your web browser and then try again.<EOL> Learn more at<EOL> https://support.google.com/mail/answer/78754 f1sm14161921wri.74 - gsmtp<EOL>
21/07/12 17:36:26 : <https://accounts.google.com/signin/continue?sarp=1&scc=1&plt=AKgnsbu<EOL>ariYbZkeFm5tvif5TuPvBBxZ71k3tc8eUL1PCNLNRYYb8jYfVkOoqjd4B_wXEkM1fgbxA<EOL>bgwUjcqK93U93LYs-0DUdfZ6LV7fiXUXyHe9MwJWqVC4e36UaeRJJ1SkCiJa2bNh><EOL>Please log in via your web browser and then try again.<EOL> Learn more at<EOL> https://support.google.com/mail/answer/78754 u2sm12469792wmc.42 - gsmtp<EOL>
21/07/12 17:36:28 : <https://accounts.google.com/signin/continue?sarp=1&scc=1&plt=AKgnsbu<EOL>wYS9OdBh1uMyK8IrCIS7Oac5i3_Ik1zrWtj7QcF-fzaC9Vymu59q7t3--f4EjgqqpjECJ<EOL>CWb-vLbTn-k9EoySxayRLI4oWsXI69O9FYGpKqlDcjl9RbnWiwSLoDAXslXCmg_J><EOL>Please log in via your web browser and then try again.<EOL> Learn more at<EOL> https://support.google.com/mail/answer/78754 v14sm5192211wru.77 - gsmtp<EOL>
21/07/12 17:36:30 : <https://accounts.google.com/signin/continue?sarp=1&scc=1&plt=AKgnsbv<EOL>-rVPULv56w_Kvc-lmpMD3gti3IeBK8pMWS73ShSy1Qy-p0JrJvsBnvBMQBfgZMvbRTEZH<EOL>ytC6EHgxS2ubnkCimxEbe11xaIZ2bJywqCAPv6YHl2X8_L6uSWbUQUAoTtNg7cr4><EOL>Please log in via your web browser and then try again.<EOL> Learn more at<EOL> https://support.google.com/mail/answer/78754 k13sm10516186wrp.34 - gsmtp<EOL>
21/07/12 17:36:31 : <https://accounts.google.com/signin/continue?sarp=1&scc=1&plt=AKgnsbs<EOL>FiFgCwE8xp7FWu0MrlYis6l7kk0nkqy5TnbJUfgg0G6esgdBiOVNk0FAq305NfgQiZi1S<EOL>zyxnejjvrc0uGiE-RmV-xuCXPaEgbao5anNVPcpEH9QG-sKZkaFjyFGMtCwoWTKQ><EOL>Please log in via your web browser and then try again.<EOL> Learn more at<EOL> https://support.google.com/mail/answer/78754 b9sm17492723wrh.81 - gsmtp<EOL>
21/07/12 17:36:33 : <https://accounts.google.com/signin/continue?sarp=1&scc=1&plt=AKgnsbs<EOL>-Us3ugsqnHQeIkL_u_Olz8xti1bn_5olqlyHQsNIL9WZLxJSefTd-FvnoBtsherE5-pfR<EOL>t0sFv_HPYb5ZManiEiwPXCJVdnhGq4Zq7MTUxz5iuPoCOmW2tkvjnjoWar2k_UkO><EOL>Please log in via your web browser and then try again.<EOL> Learn more at<EOL> https://support.google.com/mail/answer/78754 o17sm20100986wmh.19 - gsmtp<EOL>
21/07/12 17:36:35 : <https://accounts.google.com/signin/continue?sarp=1&scc=1&plt=AKgnsbv<EOL>L6kwFLpeCfRRTd3lMZzZCf7GmRnKi9__hCr0J8FR5uYiLrmW1yIoGxsqeb4wYDCgbNP0B<EOL>c3zJ5BHAmVQT-Ud2hu93p4AYAzBP0mlrBpa8J0-lE5b0b9BP2lmlBdQwGwU1CEu3><EOL>Please log in via your web browser and then try again.<EOL> Learn more at<EOL> https://support.google.com/mail/answer/78754 x18sm14257815wrw.19 - gsmtp<EOL>
21/07/12 17:36:36 : <https://accounts.google.com/signin/continue?sarp=1&scc=1&plt=AKgnsbv<EOL>Eq4k4oM4LQ253F9Tr4mR8z9YD_gzA1m9lOl0sESrmJPuIHt1ieYf2gQ6ajoS9qvvnhU3k<EOL>WZBXtHhrM6NQJ1tryZFpSGKj2B3zOjrKWBtsLyH_wJFn_UAC_fGkPKgA9dwEw8Ah><EOL>Please log in via your web browser and then try again.<EOL> Learn more at<EOL> https://support.google.com/mail/answer/78754 m18sm12380155wmq.45 - gsmtp<EOL>
21/07/12 17:36:39 : <https://accounts.google.com/signin/continue?sarp=1&scc=1&plt=AKgnsbt<EOL>7Qq_hwxco4iGXA3RdIh-7fMDuN-SiYa2JqS-J4cPAPlIcL25Fny2SFC7u9CNRz4tc_DQo<EOL>myHURPaSP1-1rdEHYd34GsMmeDz8PU2zIE-ty2-hv9NfzgoxiGvAcl3xTIfd-Dcf><EOL>Please log in via your web browser and then try again.<EOL> Learn more at<EOL> https://support.google.com/mail/answer/78754 y23sm13215580wmi.28 - gsmtp<EOL>
21/07/12 17:36:41 : <https://accounts.google.com/signin/continue?sarp=1&scc=1&plt=AKgnsbt<EOL>lzF2qfRXNjO7OMXpiPRPOcQO8XVSXVaTAWyOqnh9ZWdbfbyAFEDm9F-ODY0MtKR3og5e5<EOL>97WEW0FjQCex4QYdSMz31VMNUc6PWcCvZJfyTN2U54h3cJ_d2FBOwJPvNbW9vnY2><EOL>Please log in via your web browser and then try again.<EOL> Learn more at<EOL> https://support.google.com/mail/answer/78754 f7sm10493483wml.35 - gsmtp<EOL>
21/07/12 17:45:28 : <https://accounts.google.com/signin/continue?sarp=1&scc=1&plt=AKgnsbs<EOL>2gsmLApHLAohfK9LBPWU9S9_oo0o4_ji9JdddhbIU8-nEfO5Updi_1lQnEedZ9OzCfzm3<EOL>IJfPhTyimbQA7U44K8P02eF3ZCyxJeU4JxRMrUwJNNGG7yKQWGa_QrxVKW446YZN><EOL>Please log in via your web browser and then try again.<EOL> Learn more at<EOL> https://support.google.com/mail/answer/78754 p15sm12366886wmq.43 - gsmtp<EOL>
21/07/12 17:45:28 : <https://accounts.google.com/signin/continue?sarp=1&scc=1&plt=AKgnsbt<EOL>HYEAIgkaRcgduukHkH0qbg0zJqjcUVM2JIf4wCx5DCdPaL_Ukj17LQ67WPtnuO3uU9PMh<EOL>xMuKUD1O5m_H56pFMtBTqS4cjqBjI41gmDTelDjeipRBo0mvgs4X3NYOM5QcYx8L><EOL>Please log in via your web browser and then try again.<EOL> Learn more at<EOL> https://support.google.com/mail/answer/78754 d24sm20223037wmb.42 - gsmtp<EOL>
21/07/12 17:45:31 : <https://accounts.google.com/signin/continue?sarp=1&scc=1&plt=AKgnsbs<EOL>9C9ap-VkPE_DlUtObQT6v2OVDo1gMFZM4hxlQlkSG0Dnt_wS9MRRhBwcWTY3nIU910sWL<EOL>52Wbum1DxykPnFxNyN7k3VJZNEx7whupQWhalf1yXIu7GLPfBdywh_CrfhsIOx24><EOL>Please log in via your web browser and then try again.<EOL> Learn more at<EOL> https://support.google.com/mail/answer/78754 r4sm15082927wre.84 - gsmtp<EOL>
21/07/12 17:45:33 : <https://accounts.google.com/signin/continue?sarp=1&scc=1&plt=AKgnsbs<EOL>5rcbIVavgFCxMfkrq8tDKAXPd-3zIIos9S8W88s6GOp_vd0OB3AIf5lekEcWe4S1II7JC<EOL>wgsawNfPnTIDVCP7XPzBMnNzsAd9wFOtUDEdm52e-XUM9xaquJi100dx6Ti2sj4f><EOL>Please log in via your web browser and then try again.<EOL> Learn more at<EOL> https://support.google.com/mail/answer/78754 d8sm2776907wrv.20 - gsmtp<EOL>
21/07/12 17:45:34 : <https://accounts.google.com/signin/continue?sarp=1&scc=1&plt=AKgnsbs<EOL>NkF7QBynF_7b7gtL0IM1oQtC8v62o5SCGSGxoIyAK7bkQGWtC5pQu9uo0kc-Sb-S99Kuj<EOL>peygQxsZTiv7P-E2d-F6rZmcsJ0Qn3p9Xol8u-5EMc2QwYKd7d4Yw08Y7xRf_A6k><EOL>Please log in via your web browser and then try again.<EOL> Learn more at<EOL> https://support.google.com/mail/answer/78754 b12sm11147992wro.1 - gsmtp<EOL>
21/07/12 17:45:36 : <https://accounts.google.com/signin/continue?sarp=1&scc=1&plt=AKgnsbv<EOL>Ep_jhM5fCaK84oebbCfYotVHKOhfj0mIzQspOA-gZDSOgpRQJkK-PnFHTJ0slN4xs297r<EOL>QXKpLIA9cQpcPAWqFIDtzEXeexiQBvfYSDNJ-FW4RDoyiZxFWyiAMbVFh8KVys0m><EOL>Please log in via your web browser and then try again.<EOL> Learn more at<EOL> https://support.google.com/mail/answer/78754 f2sm14762844wrq.69 - gsmtp<EOL>
21/07/12 17:45:39 : <https://accounts.google.com/signin/continue?sarp=1&scc=1&plt=AKgnsbv<EOL>8YC7lzCxD0XH38-w500Nr9exL59M9iV70zftx5CGgZmHNcAT0A-47bWMexUyamurOdQ1j<EOL>cwwOJkSx_RQaPhpRytdnq9vlFeURwDiitz2qcunx6VOU1DXkxQOafxYrx96xUSoW><EOL>Please log in via your web browser and then try again.<EOL> Learn more at<EOL> https://support.google.com/mail/answer/78754 e11sm12854202wrt.0 - gsmtp<EOL>
21/07/12 17:45:41 : <https://accounts.google.com/signin/continue?sarp=1&scc=1&plt=AKgnsbt<EOL>9OeidL4MU_qRwjc4_4rURiJYLS7xRXblVYJ7dZb7FhwVFujLyu6Bzd0luSWacIXQsl4U4<EOL>5sSOtP_QDwGCN0ek-vzGu0MPMLq4GD8xUoj7P1nr29GBHoMWeWyGlShxgZhTL82w><EOL>Please log in via your web browser and then try again.<EOL> Learn more at<EOL> https://support.google.com/mail/answer/78754 n2sm14969511wrx.40 - gsmtp<EOL>
21/07/12 17:46:08 : <https://accounts.google.com/signin/continue?sarp=1&scc=1&plt=AKgnsbu<EOL>0ZoTZeXcW3aVgVFK_EOjVpwb7t1WR1emVhtFjpM28S4K_Rs_S7Syzwuwb7HiTGseTMKK4<EOL>0xzLTy3ewer6tEHOExcPN5dWuoyC0T7q4UbwlniTzMEkaQxdF2kK5_bjrucGbAdv><EOL>Please log in via your web browser and then try again.<EOL> Learn more at<EOL> https://support.google.com/mail/answer/78754 j1sm19898133wms.7 - gsmtp<EOL>
21/07/12 17:46:10 : <https://accounts.google.com/signin/continue?sarp=1&scc=1&plt=AKgnsbu<EOL>VKZZiCdMt9QRgCdyBH5WapiSqI3OC3uwMgsPPz76I7pChfOd7vlUr84KqX-fQWaKLzzXm<EOL>hpKEp5I87n-gMQi15N_koA0vpRbNxV1SoyiqrZ-zRvGm8T_0xOOvoKpHL7f9OnhF><EOL>Please log in via your web browser and then try again.<EOL> Learn more at<EOL> https://support.google.com/mail/answer/78754 c2sm10731483wrn.28 - gsmtp<EOL>
21/07/12 17:46:12 : <https://accounts.google.com/signin/continue?sarp=1&scc=1&plt=AKgnsbu<EOL>HgIbmKw2glR4VKrjK5MwG86d6YH6i9gsoQjYNVXTJ-yqjoxUpW3MB8xlNUCSGOQEiSC3-<EOL>_QxOVRysCYd5AEmQVzABe3SFfZhja5pth7vKI2iKN1vmxNDN3nZF9eJZ0d93g4gE><EOL>Please log in via your web browser and then try again.<EOL> Learn more at<EOL> https://support.google.com/mail/answer/78754 a8sm10837582wrt.61 - gsmtp<EOL>
21/07/12 17:46:14 : <https://accounts.google.com/signin/continue?sarp=1&scc=1&plt=AKgnsbt<EOL>jxjU8ztYi3NBBz1Rw8pTdOhnPXvVswQwqyvV4flrgynkkm2Df8BOTG4PVBV7-vjtCDhxV<EOL>VCWr1QH9SRHV_17NdCKhw9fq4q5LPBcdzAW7fQzF87QBX_j0CbDZ1SH1VRvYFhQy><EOL>Please log in via your web browser and then try again.<EOL> Learn more at<EOL> https://support.google.com/mail/answer/78754 b8sm20943567wmb.20 - gsmtp<EOL>
21/07/12 17:46:17 : <https://accounts.google.com/signin/continue?sarp=1&scc=1&plt=AKgnsbt<EOL>KsercA2WDv8EkemwwhSBp-Yj2ElweFV_cXq8vq70OmqVUsxS2_eGGMkkQAA-cAV7Fwngf<EOL>DI2PmERezGJzld2ZDBeb9JJuYoox8KPqILcbzoQmgLjb9R9s_HgVF8HTcXrWLIaX><EOL>Please log in via your web browser and then try again.<EOL> Learn more at<EOL> https://support.google.com/mail/answer/78754 129sm6066957wmz.26 - gsmtp<EOL>
21/07/12 17:46:19 : <https://accounts.google.com/signin/continue?sarp=1&scc=1&plt=AKgnsbv<EOL>oAuzukapgV7xGbD_Pnmez_8rRP6EASNTjKuQpMXfyB8NAFnoWhasAmy_EStT37ly5A8X1<EOL>WSmqVyquMW7bTt4CwE2l9lKLrW_JAlWtERi6BR0ty22lTJMMH3XWLyZ5XAdImM6l><EOL>Please log in via your web browser and then try again.<EOL> Learn more at<EOL> https://support.google.com/mail/answer/78754 m12sm12635562wms.24 - gsmtp<EOL>
21/07/12 17:46:20 : <https://accounts.google.com/signin/continue?sarp=1&scc=1&plt=AKgnsbt<EOL>gijEEjqS2Sjq0lW1OhI83MqdcicGcZU0xFoSTOts5BC-ewOukaBa73_pIiJBkNIuky8r8<EOL>2pzYn123vsYi6qfqrFBK-eEcdNXQ1ryVhWmjM3fOCsvEnCMZadcyo_WznPc2csAv><EOL>Please log in via your web browser and then try again.<EOL> Learn more at<EOL> https://support.google.com/mail/answer/78754 r16sm11945545wmg.11 - gsmtp<EOL>
21/07/12 17:46:22 : <https://accounts.google.com/signin/continue?sarp=1&scc=1&plt=AKgnsbt<EOL>mmqAAIlJE2gnmr7u03aWv28eygmwomadhAySX6cS4Bo91sReAxnMQ18op4rCw3HvpYa6U<EOL>ELXkGpB9wCUQEArFSU96X0zYLNv3WZNAUDQANUvLpDtN_s996bJXkP4jT6z9oVXa><EOL>Please log in via your web browser and then try again.<EOL> Learn more at<EOL> https://support.google.com/mail/answer/78754 v30sm15722971wrv.85 - gsmtp<EOL>
21/07/12 17:46:24 : <https://accounts.google.com/signin/continue?sarp=1&scc=1&plt=AKgnsbt<EOL>TsOrtZijWlt6NSOKtBZ_f38542-eMdUx8FBhpb1B-T8iR4_uLcyQIS4Srzjqy09XSNrxQ<EOL>-VxWSTP4xMtpOkNEVRiFJTDmhYm0ZXDdL3KU1PEXQKoRVD522bL4OEMDjLbY4Afr><EOL>Please log in via your web browser and then try again.<EOL> Learn more at<EOL> https://support.google.com/mail/answer/78754 y16sm15178830wrw.42 - gsmtp<EOL>
21/07/12 18:17:08 : <https://accounts.google.com/signin/continue?sarp=1&scc=1&plt=AKgnsbs<EOL>iowlVcyWKwXT71aV0kMTZDJkHtlfw5RkfoAA1MDWhRjA8Tdesxeo1Gig9gfL1mWPYSzj-<EOL>ys_-5ewdvtl4SKRUx1PI-2peVl5Fy-jLGw2CsEAhQKQCYwr9qR3xmcGocUi9hKl_><EOL>Please log in via your web browser and then try again.<EOL> Learn more at<EOL> https://support.google.com/mail/answer/78754 w3sm20027016wmi.24 - gsmtp<EOL>
21/07/13 13:48:38 : <https://accounts.google.com/signin/continue?sarp=1&scc=1&plt=AKgnsbu<EOL>FnBygz66T-J6jrA023maJoqJIeOk_k_gK98AkpHvCmyh12fPb1tDvSUepOOXaOpHDXxCA<EOL>XB1l-NOogSDPWf25LH6CgA-6ljlfsk9zoiv2yvYU_M1R9vigFMpaHouau2TsBsgd><EOL>Please log in via your web browser and then try again.<EOL> Learn more at<EOL> https://support.google.com/mail/answer/78754 m15sm9097241wmc.20 - gsmtp<EOL>
21/07/13 13:48:38 : <https://accounts.google.com/signin/continue?sarp=1&scc=1&plt=AKgnsbt<EOL>mpaVLiPWZX9il14WBJp1IFtu6EhTjiwyh8rPRpnLjXSYOPsj0pjK4TYtw5YRxZ3wMzYqC<EOL>wMrFc1yUKsyqceW0jmgLy3o_zfKBDuFnXyj9Vr5THHE3hDmteLRAfxfi7cxWgdPw><EOL>Please log in via your web browser and then try again.<EOL> Learn more at<EOL> https://support.google.com/mail/answer/78754 o29sm13476143wms.13 - gsmtp<EOL>
21/07/13 13:48:40 : <https://accounts.google.com/signin/continue?sarp=1&scc=1&plt=AKgnsbs<EOL>thiFTeFV_Z5DCGBYaI7N-PYd46kkZYaBQ9fp9dfpxR1js8DHSit7tuq5rpSmjItv-EOE_<EOL>4x-XOhKNc2fHkyS8fX9QE3pd0aUjwErv95W7S0NcxHmI_lg9x-GtO97LqcrZO3Qz><EOL>Please log in via your web browser and then try again.<EOL> Learn more at<EOL> https://support.google.com/mail/answer/78754 b12sm13889898wro.1 - gsmtp<EOL>
21/07/13 13:48:42 : <https://accounts.google.com/signin/continue?sarp=1&scc=1&plt=AKgnsbv<EOL>-ZQCASsSDqRWBSA1lP1nbUvOZMpEYz7mNwdxGFIfQtxSgkLkpr1r8lTxeLakk0fDirl85<EOL>9XSF0reoHWnTX-07HbvGfh9A78prmuaT_QuLBSNHZSbkd3wJhYber7uanVhHAmD1><EOL>Please log in via your web browser and then try again.<EOL> Learn more at<EOL> https://support.google.com/mail/answer/78754 o17sm2084007wms.32 - gsmtp<EOL>
21/07/13 13:48:44 : <https://accounts.google.com/signin/continue?sarp=1&scc=1&plt=AKgnsbt<EOL>DpAK7AC5fPoWxtqaV_ggAP0_w-KUNzMdirCN6MefTqOFU4uecq9OSopxqPlWiyDcNqBqD<EOL>u7SAspPprbKkd3SlSDacaXkReGCNh3rTG65cvIyhTJUFIs6k-0ILylxFswvxMJRC><EOL>Please log in via your web browser and then try again.<EOL> Learn more at<EOL> https://support.google.com/mail/answer/78754 x8sm9987797wrt.93 - gsmtp<EOL>
21/07/13 13:48:46 : <https://accounts.google.com/signin/continue?sarp=1&scc=1&plt=AKgnsbs<EOL>7xsQABP4NFg8uRGa-IJM1wPTwGFijQnYqMYql-0FwhS6Ezep3XeC4BI2l4SQ851Kehp4S<EOL>dC-b41us0xgvUqb9XF2-eK6Y4JCYm091bK8_sPb9yG0KBfvm4J9y9ftMPEs1NW8R><EOL>Please log in via your web browser and then try again.<EOL> Learn more at<EOL> https://support.google.com/mail/answer/78754 a8sm13477619wrt.61 - gsmtp<EOL>
21/07/13 13:48:48 : <https://accounts.google.com/signin/continue?sarp=1&scc=1&plt=AKgnsbv<EOL>uk6nQnKc-vVivN8hy6EA_A5YZPE_TWg4xdBiWAzdw7N3RABYEmaiKNKCYYhFuJEKJgB0H<EOL>QSEX9v0aFzCEdGhUyVfGrxKH6FC2GzCGNensY7cXRCdaxBYIGapxEX3nWJZlSYH_><EOL>Please log in via your web browser and then try again.<EOL> Learn more at<EOL> https://support.google.com/mail/answer/78754 z16sm6959270wrh.58 - gsmtp<EOL>
21/07/13 13:48:49 : <https://accounts.google.com/signin/continue?sarp=1&scc=1&plt=AKgnsbt<EOL>D3F1FVymuid87y3myV-4ZRYOvuiTkJnwCT3mjMwevV8Kh4PI-B7FT7n203UHOntIKfGtG<EOL>vZKzL47vt-U0Grv2UWXdjqXSKtKHJWvcaoENzD8TZM3--kQEaNMJOvHsogBH2q-Q><EOL>Please log in via your web browser and then try again.<EOL> Learn more at<EOL> https://support.google.com/mail/answer/78754 t9sm17071544wrq.92 - gsmtp<EOL>
21/07/13 13:48:51 : <https://accounts.google.com/signin/continue?sarp=1&scc=1&plt=AKgnsbs<EOL>1a1yOJ0MqLEXYawh2xDCLwEbPDooH7hbP1dRoiVeKOobEbFU0yBpJGRyVPhNkAoxDdWnA<EOL>8K-YKNVSBA4cMqtqApq0_HqX0DWH6CaKZSlTjE167e8sGKQnApihGFRH9-aP61xn><EOL>Please log in via your web browser and then try again.<EOL> Learn more at<EOL> https://support.google.com/mail/answer/78754 e6sm9087723wrg.18 - gsmtp<EOL>
21/07/13 13:52:27 : <https://accounts.google.com/signin/continue?sarp=1&scc=1&plt=AKgnsbv<EOL>sesAXyiI6GEXG74WubZBp4L5dnAfyNkFMyQQHOM2nqYP5IR3Ht8wrvbh7bbnDIpNMQ2zA<EOL>5yJGEQSqVkNA1Oe-kmUDO2oOCd_fz-R1cCEisNg23_SgWke2WvvPHQKqaPKFwnLW><EOL>Please log in via your web browser and then try again.<EOL> Learn more at<EOL> https://support.google.com/mail/answer/78754 d18sm2279527wrw.7 - gsmtp<EOL>
21/07/13 13:52:29 : <https://accounts.google.com/signin/continue?sarp=1&scc=1&plt=AKgnsbv<EOL>R4saAn4Sz8NcP1nnob_AUP758_Y0aECrVJBhB1oFSoGdXFVwBC_Tfs3_P7y4eA9txalk5<EOL>6G7_qGX67OmaBs8sAMN5GKE3vtfYtAXXXNR_XA7ibt-vEGvO0r3t8ntf0CgzyE_W><EOL>Please log in via your web browser and then try again.<EOL> Learn more at<EOL> https://support.google.com/mail/answer/78754 y6sm3088367wma.48 - gsmtp<EOL>
21/07/13 13:52:30 : <https://accounts.google.com/signin/continue?sarp=1&scc=1&plt=AKgnsbs<EOL>mQHSiYQExlBr7wMAq8E7GHxsULB30hs-9fZS5tHBt9CdUIAnr5SuqfIwjrVUzxqPeSNTd<EOL>phoZBjT8eXtq2NkLNX-_ZCAmGVL56Ix1XKBJn-EAF92GyhAXhIxXHmLDgVObnM0l><EOL>Please log in via your web browser and then try again.<EOL> Learn more at<EOL> https://support.google.com/mail/answer/78754 f130sm13426032wmf.23 - gsmtp<EOL>
21/07/13 13:52:32 : <https://accounts.google.com/signin/continue?sarp=1&scc=1&plt=AKgnsbs<EOL>b4cdBcKSmiqeIGmbhMPubkY-K-yCamoWhUYaVMrcLKbzzpo_S1OBF5vYjsw-45Y1d7lDU<EOL>rEbF4EzgfUPt7WrIdjzc72fciGUnpgtxrAiaoDwzZhXluO1pDMnZzquIJzkmYHTc><EOL>Please log in via your web browser and then try again.<EOL> Learn more at<EOL> https://support.google.com/mail/answer/78754 s6sm8131417wrt.45 - gsmtp<EOL>
21/07/13 13:52:33 : <https://accounts.google.com/signin/continue?sarp=1&scc=1&plt=AKgnsbu<EOL>nxdxMcN6e5E0tDjF9XU5SQS8iIfwsvLJdrdkYvrjgO5iU_SuFGyNyYUushbIl4N6n4QwI<EOL>tp8byulLYj_F8CXGlGG68jOFkLCLibZlx3OVzt6cncjrkFkttsdG2x3hJFXvSELf><EOL>Please log in via your web browser and then try again.<EOL> Learn more at<EOL> https://support.google.com/mail/answer/78754 d29sm7233984wrb.63 - gsmtp<EOL>
21/07/13 13:52:35 : <https://accounts.google.com/signin/continue?sarp=1&scc=1&plt=AKgnsbv<EOL>JC9ejwHUsdPmvIbCr2gr0hVM4835K9jdhtzVRVUv1TJ6d3paqiuWQcMjhJw9dwAp495ZR<EOL>bUB8PMdCMxDuOEooSEuOgn2rAffgo3S-wFgrl61P44hUzLMQB112BJBGppN8gL77><EOL>Please log in via your web browser and then try again.<EOL> Learn more at<EOL> https://support.google.com/mail/answer/78754 t15sm17225896wrx.17 - gsmtp<EOL>
21/07/13 13:52:36 : <https://accounts.google.com/signin/continue?sarp=1&scc=1&plt=AKgnsbt<EOL>mYrhSwVZbUEwLA7KfqyL1XNBhczvx0ABQYnkcAcowZMDvkQhI41BJMuBfdI5oA2RCkxEV<EOL>QL_FOg0OTaaa6YZlosNUv5xX34ha4c5SMd2pcsRWsxyFRrPcaL0kTkIU-WksddQd><EOL>Please log in via your web browser and then try again.<EOL> Learn more at<EOL> https://support.google.com/mail/answer/78754 b16sm14403077wrw.46 - gsmtp<EOL>
21/07/13 13:52:38 : <https://accounts.google.com/signin/continue?sarp=1&scc=1&plt=AKgnsbt<EOL>ny5kvGR1b3pJVpIvVr5aVNTAlC5lMIJbWej30SryYVWpslGiFrlcqGGcgyd3f0h3ZlHVz<EOL>hbwEzZjeMSJVZSCjIKs4if-lj3KttuRlJ1z8VQHyDoV93zWTrA98k91vxtnQQdbv><EOL>Please log in via your web browser and then try again.<EOL> Learn more at<EOL> https://support.google.com/mail/answer/78754 l34sm2498750wms.45 - gsmtp<EOL>
21/07/13 13:52:39 : <https://accounts.google.com/signin/continue?sarp=1&scc=1&plt=AKgnsbs<EOL>aBE0nrnJDh9-mwhd8v_JxQq7uUygLLiyadelCMST1QBcwXmi9XRuxLmkU5AldvA1zpFqC<EOL>86GaaFpNEtKFnJ4WLuV8MJFPkfP5AHN3ZHpO2TVxuXjQ_WAFThRlQ6k_-uzf3AKt><EOL>Please log in via your web browser and then try again.<EOL> Learn more at<EOL> https://support.google.com/mail/answer/78754 s4sm4864244wmh.41 - gsmtp<EOL>
21/07/13 15:27:19 : <https://accounts.google.com/signin/continue?sarp=1&scc=1&plt=AKgnsbs<EOL>oFvXcstt2SRkZvEnqKM6lqJ9MZYMTKzIA4cH21vIe5SJB2AEkXRV9pcqgD4luVEmvnIJ_<EOL>i8tviaBQRok70sGDpUJNiUakL5ZEam5Ln6e9XbEGypTvDatl1KZPmm8n49qgQq01><EOL>Please log in via your web browser and then try again.<EOL> Learn more at<EOL> https://support.google.com/mail/answer/78754 f13sm18229619wrt.86 - gsmtp<EOL>
21/07/13 15:27:20 : <https://accounts.google.com/signin/continue?sarp=1&scc=1&plt=AKgnsbv<EOL>QI2b9fi4pbTUxiFvzq_GPqm9zBdNHJc2-lu_CBFh7YSQvIQFT-y6fniEMXl5daV5Wj8ly<EOL>QB8GDqXCOZIbK9H2b4c6ReAjoXt-W2AfL3xIN9HKCI8Nbj_pRQtHhI80Edp1K6qE><EOL>Please log in via your web browser and then try again.<EOL> Learn more at<EOL> https://support.google.com/mail/answer/78754 h15sm17594209wrq.88 - gsmtp<EOL>
21/07/13 15:27:21 : <https://accounts.google.com/signin/continue?sarp=1&scc=1&plt=AKgnsbv<EOL>j8bOuJJo1hBOk6L67yoAvvO9ZHSCaal6An9048yBkh1iAhM9uGlbHMCHZwKyUSXecHnht<EOL>4XYUKdhOdk_va3XwvcogYjrZDF1gYlUpX7d4_HYtHbZws9mbUpJ0NF5pEW9uU7Be><EOL>Please log in via your web browser and then try again.<EOL> Learn more at<EOL> https://support.google.com/mail/answer/78754 x18sm17211907wrw.19 - gsmtp<EOL>
21/07/13 15:27:23 : <https://accounts.google.com/signin/continue?sarp=1&scc=1&plt=AKgnsbv<EOL>y_1-cqQ8KfLfD4glfb4-A3SVmJqFQ6FgC-1n9V0ZIjzqbvHadk8Alca8TMC4ddeRa5hIu<EOL>Y4stHNb36BBobsgKVip1MRaFTNSU2T4kqRFlSSThWJ4rp0ws1oL-8x8vRhAwFmXZ><EOL>Please log in via your web browser and then try again.<EOL> Learn more at<EOL> https://support.google.com/mail/answer/78754 y3sm16503316wrh.16 - gsmtp<EOL>
21/07/13 15:27:25 : <https://accounts.google.com/signin/continue?sarp=1&scc=1&plt=AKgnsbu<EOL>0uQALLG_6E9TFLOY0IaYh40Y1xN3o03OWBNgYqH2jXgM4CLwTduNW1fx63moKI6CiqOj7<EOL>9kB03t8ZJFbrwZqfuTGmKiTVhdHN3ADnVkHgQUeEjudR8HTVJ15HP5xqrglwOK8l><EOL>Please log in via your web browser and then try again.<EOL> Learn more at<EOL> https://support.google.com/mail/answer/78754 r19sm2465147wrg.74 - gsmtp<EOL>
21/07/13 15:27:26 : <https://accounts.google.com/signin/continue?sarp=1&scc=1&plt=AKgnsbs<EOL>xSH22gZ7DCbTKtTr2E9cqMrMNbmrR5tQjeX7R3qHZmhP993qwQUHqy-7_onUcZPL13OYo<EOL>RVnOiARtK3tBCxeT6rFSzWm5rQhWpghnvWvekZN73qFdP3W27d9zuuPouAfovPqp><EOL>Please log in via your web browser and then try again.<EOL> Learn more at<EOL> https://support.google.com/mail/answer/78754 o7sm20692905wrv.72 - gsmtp<EOL>
21/07/13 15:27:28 : <https://accounts.google.com/signin/continue?sarp=1&scc=1&plt=AKgnsbt<EOL>lNV2o59jabTatNFyib9FgT7UOD-AaJKMHNkEgl3J9KQZL0viyRxjvjwKTmcF3CTn8Y3lf<EOL>ZZplWcQpkjkgROM7NZ9nzHiuEKXFOlNavEMwXXQY96LpnEUgcORwu_Szcprq0Ujc><EOL>Please log in via your web browser and then try again.<EOL> Learn more at<EOL> https://support.google.com/mail/answer/78754 e3sm18469957wra.15 - gsmtp<EOL>
21/07/13 15:27:29 : <https://accounts.google.com/signin/continue?sarp=1&scc=1&plt=AKgnsbu<EOL>OJmb8yHjA4sT2u1hhfd4azSc4qzxCt4aQ6X0CbRB2PNMEBTgRErY3fZBNEH2I3NtJi9R_<EOL>xsI_l4BpfolL9bNSktsMpu5LyuemhFn50K3eFklzcUezHbMXhP85-bGarwfBseIF><EOL>Please log in via your web browser and then try again.<EOL> Learn more at<EOL> https://support.google.com/mail/answer/78754 f82sm2338195wmf.25 - gsmtp<EOL>
21/07/13 15:27:31 : <https://accounts.google.com/signin/continue?sarp=1&scc=1&plt=AKgnsbt<EOL>VfSSQJ1ZbBgI4RNx5U12j8X71t8OZB_4kagNa1lRpjW0zmNaZuWkrW9M3VN0Sy5VHO7eS<EOL>-aU5Ue1jYoknV6NRCBv4N3rw3qIP6K76ypP01K7FYGRND5y6yy_RadwcleNB9KSP><EOL>Please log in via your web browser and then try again.<EOL> Learn more at<EOL> https://support.google.com/mail/answer/78754 z16sm7246794wrh.58 - gsmtp<EOL>
21/07/13 15:30:56 : <https://accounts.google.com/signin/continue?sarp=1&scc=1&plt=AKgnsbt<EOL>kc7s_6LD5qaq2eO0WMChRLnr6Kl3S8lXlqOWP5Lh1uDHF8QUDJkiIR-wGRZwNSlyV6qdZ<EOL>vIE_4Kh5HhAf3gUEEzw3jNX4jvwPcVjMgGtJi_qRrBjlu8V3pT6wU8DohKSDR-vK><EOL>Please log in via your web browser and then try again.<EOL> Learn more at<EOL> https://support.google.com/mail/answer/78754 s4sm5164581wmh.41 - gsmtp<EOL>
21/07/13 15:30:58 : <https://accounts.google.com/signin/continue?sarp=1&scc=1&plt=AKgnsbt<EOL>w2YIn-0GP9nF0XVRhqvoDaKVw6UxzV5iXp7CJomG4QnOLNhwAYGcfS1th45uRmfveaYYf<EOL>ETymCLfH3_Nb0LWChp4kR8ifU1IjZFF0pZLKAPsde0ezDhfdrEGiC05Z0RFq36U9><EOL>Please log in via your web browser and then try again.<EOL> Learn more at<EOL> https://support.google.com/mail/answer/78754 k20sm17028074wrd.70 - gsmtp<EOL>
21/07/13 15:31:00 : <https://accounts.google.com/signin/continue?sarp=1&scc=1&plt=AKgnsbt<EOL>WcSepBWwUnXHqdt5VdnGwE7jWB6dtcDoDzpn30TsRBI7_IWivICp2f4RUrVZqs2v7hyQA<EOL>zjP-WPX-8Yggaenf15xuOsJg0Jl6ZqDKIQiEx4xDTjO86vjPCOZAG4nwYeeRPjc6><EOL>Please log in via your web browser and then try again.<EOL> Learn more at<EOL> https://support.google.com/mail/answer/78754 f13sm18242150wrt.86 - gsmtp<EOL>
21/07/13 15:31:01 : <https://accounts.google.com/signin/continue?sarp=1&scc=1&plt=AKgnsbv<EOL>pffEnJ0YZXFpHixiOGMpBOHvAV2A7ZzseZ5lsQinZ6vXrQcKrfkNnwpRaCKipNx8S-Jfe<EOL>NRMbkonXcjvppHIuxxdLeEQuPyimtcQP0GdUENPzT1AzqVGc-5hjzs41ZeeEYqQS><EOL>Please log in via your web browser and then try again.<EOL> Learn more at<EOL> https://support.google.com/mail/answer/78754 r19sm5350932wrr.32 - gsmtp<EOL>
21/07/13 15:31:03 : <https://accounts.google.com/signin/continue?sarp=1&scc=1&plt=AKgnsbt<EOL>3-QD9HlxYOzH1sJ1lzeTVWzXjmJeLuSx7DWvWmfrP1KJZHbW2mRr6mEAi5H16EqWuhGmv<EOL>CzrNFS0l-1RBmUqWmTUfU5Odi1NYMCuk5ugsUEPS_sBxWF52c1aTL6HmfiR4KohD><EOL>Please log in via your web browser and then try again.<EOL> Learn more at<EOL> https://support.google.com/mail/answer/78754 z7sm15266702wrt.47 - gsmtp<EOL>
21/07/13 15:31:05 : <https://accounts.google.com/signin/continue?sarp=1&scc=1&plt=AKgnsbt<EOL>rMpX9_eVDu-jVGAVzSPoLmQh_OsrfYurZzicIacOr-sjf4Mvc75PxC2t8gIJrh3bzXNZv<EOL>gaweCJ5VUsuoBdkvkzlpPljI7RzM7wuBjPKtn8akeqllj6bRpZO9WxSNW5fz8MRp><EOL>Please log in via your web browser and then try again.<EOL> Learn more at<EOL> https://support.google.com/mail/answer/78754 o3sm17793451wrw.56 - gsmtp<EOL>
21/07/13 15:31:06 : <https://accounts.google.com/signin/continue?sarp=1&scc=1&plt=AKgnsbu<EOL>7RrXO7Is210NYKG1CpaFi750PpmA395WXKaSDUIWWL1eH55rO_hbtjEpK3lUfYDiu-7gK<EOL>U1KcGy4pnKVzTpX2O9n36brr3U2pj_vs8k6kPUsRzApkCysCCjXUN6Bby8Biknt-><EOL>Please log in via your web browser and then try again.<EOL> Learn more at<EOL> https://support.google.com/mail/answer/78754 m32sm2390448wms.23 - gsmtp<EOL>
21/07/13 15:31:08 : <https://accounts.google.com/signin/continue?sarp=1&scc=1&plt=AKgnsbs<EOL>JlrnioM3AR08uSKb25fbl10vwraC_lJqR7ZwnUsUQLzMyWBOLN11pNUJAVFksIuJVJB_r<EOL>ae7UDZeTsssG4bxZreTZUoKeld22_GId_eyMe81TxaHhsS63qhHv88zo5ruufYjX><EOL>Please log in via your web browser and then try again.<EOL> Learn more at<EOL> https://support.google.com/mail/answer/78754 r19sm5351325wrr.32 - gsmtp<EOL>
21/07/13 15:31:10 : <https://accounts.google.com/signin/continue?sarp=1&scc=1&plt=AKgnsbt<EOL>nqJ_FyVAWwWc1nusGFBlbTVjHR67IFDjyyJ6K2V8UGb76GK5z0ZVPmMoK72MdKhV_29LN<EOL>DFbP8CWuVPKQtGdC8WAhblVWglGcbQ5pWjWQKlWNy7ZTs-6a0gP8Qu69PlwQ1zvT><EOL>Please log in via your web browser and then try again.<EOL> Learn more at<EOL> https://support.google.com/mail/answer/78754 e8sm17781593wrq.10 - gsmtp<EOL>
21/07/13 15:32:32 : <https://accounts.google.com/signin/continue?sarp=1&scc=1&plt=AKgnsbs<EOL>MEFJTPpnhRWaBlI9XhfQAE40X5F4eQTr6xbgrMg6VHJm3b-2pNjzwv_CNCfXir9iz4Em1<EOL>uS0NE52QOgtPfTXnlfVrYoVAq5d6qJR711mhQ69CE3cjigD-bK4Y7mBaXoJSUSlL><EOL>Please log in via your web browser and then try again.<EOL> Learn more at<EOL> https://support.google.com/mail/answer/78754 b6sm2410824wmj.34 - gsmtp<EOL>
21/07/13 15:32:32 : <https://accounts.google.com/signin/continue?sarp=1&scc=1&plt=AKgnsbt<EOL>NfF2K4V-33Izf4PSrQJ-iWNGLWnCJa87GHzBNWUiQxT-g7yYn1iXI_3ishhdv_MGE3Eqv<EOL>_BykRlVy82itg6uvy3aHv6Xes1H1DF97uCENw5OOTtG1jcjrZOfQScfEVO81EEYu><EOL>Please log in via your web browser and then try again.<EOL> Learn more at<EOL> https://support.google.com/mail/answer/78754 d8sm17905865wra.41 - gsmtp<EOL>
21/07/13 15:32:33 : <https://accounts.google.com/signin/continue?sarp=1&scc=1&plt=AKgnsbs<EOL>hJcUZaXT6DM7LJ1ZN0wO86Wv9NZ0lWQ_krhpnH30_gyPH5MWk6q1XvpV2WrqzeKJs03km<EOL>wFFyh8Hl6ngBm8EyLpTVTa3AUKQiPuwhb7IgsZMB_tElgPNXCq5AABCRtVNRtU71><EOL>Please log in via your web browser and then try again.<EOL> Learn more at<EOL> https://support.google.com/mail/answer/78754 f7sm2319986wml.35 - gsmtp<EOL>
21/07/13 15:32:35 : <https://accounts.google.com/signin/continue?sarp=1&scc=1&plt=AKgnsbs<EOL>115A56qRB2sZO1VjhHhATx4pqS6hagnljPT9EGjOo-i_u3FJ5MOF-sf8ZXf5Ia_INrXUy<EOL>iNvramIRxsks543550H7ad4Uu6lue0bwrQGjj_hyuMbmrKleZVm7BB6Cqfxhokwr><EOL>Please log in via your web browser and then try again.<EOL> Learn more at<EOL> https://support.google.com/mail/answer/78754 k13sm13607913wrp.34 - gsmtp<EOL>
21/07/13 15:32:36 : <https://accounts.google.com/signin/continue?sarp=1&scc=1&plt=AKgnsbs<EOL>swPYXYKkSHee3q9hH-WODnmJ_x_TBNCFCTQ_TrLNKSiIfcmKyW_9huIg3ldiA8_5OjJBO<EOL>kGIUmef9W_sdgwgC9cJFkWuocJRAYAWbM0az5fb5gWNeEs2_NsMLxEric28dRiIC><EOL>Please log in via your web browser and then try again.<EOL> Learn more at<EOL> https://support.google.com/mail/answer/78754 o17sm2344451wms.32 - gsmtp<EOL>
21/07/13 15:32:38 : <https://accounts.google.com/signin/continue?sarp=1&scc=1&plt=AKgnsbu<EOL>7xSHyCZZdEB5H9cnE6mXX_6uxtOj-ckbgMxFIEa8wQJVtrbFlF6LgkxZrotjTm2sxfj9k<EOL>X4-hP3BD3zJbZ-Gu2_kisC1b6hCl0zVUp-D7ocXFKNzglueuDtF214jLGtOCGQTe><EOL>Please log in via your web browser and then try again.<EOL> Learn more at<EOL> https://support.google.com/mail/answer/78754 f15sm2237071wmj.15 - gsmtp<EOL>
21/07/13 15:32:39 : <https://accounts.google.com/signin/continue?sarp=1&scc=1&plt=AKgnsbv<EOL>Goqj6EjJwsIfEDBJ1IvK0xdN5Y-twGngnkKfI20fxy6YWCogU0eocFKwMVrmGwDJCMcYC<EOL>VyXh8Rmk4pJMV0CizKz0fG5chvv4VisujjtHcVchq4NMqAqzzqX3jAkRj-FQc1ag><EOL>Please log in via your web browser and then try again.<EOL> Learn more at<EOL> https://support.google.com/mail/answer/78754 x19sm15619163wmi.10 - gsmtp<EOL>
21/07/13 15:32:41 : <https://accounts.google.com/signin/continue?sarp=1&scc=1&plt=AKgnsbu<EOL>lTSbnk_UjEPbwc2nsWyY2ssP94Vukqdqouk20NSMa4euGPLNX6NZo7Q_HcD9-G33WZuAq<EOL>gB7KEzZWE6B2j7EWRyhmZG6lVtE-sEDshN_eLGhMPvcbm8783Ss1DefkM-08tPBw><EOL>Please log in via your web browser and then try again.<EOL> Learn more at<EOL> https://support.google.com/mail/answer/78754 p9sm17389603wrx.59 - gsmtp<EOL>
21/07/13 15:32:42 : <https://accounts.google.com/signin/continue?sarp=1&scc=1&plt=AKgnsbs<EOL>pVbRZtJsB6dyCJX_iZOpbC7ImjBdU1cn3YPuTh5xnn0mMT97V5RtZXs2UqQhpSwx_eqV0<EOL>u1vonNRlSLZ1KJL4UdhpSO87iI9CFafpHsU226Z5k5eK7LmhitVEB7slLevZy9hZ><EOL>Please log in via your web browser and then try again.<EOL> Learn more at<EOL> https://support.google.com/mail/answer/78754 p18sm2372139wmg.46 - gsmtp<EOL>
21/07/13 15:33:18 : <https://accounts.google.com/signin/continue?sarp=1&scc=1&plt=AKgnsbt<EOL>z2gtd9ST34j6DZnvAlcbarMmUsHu2qC0po5lfEmlTb6rbudJBFqUKrJYMp6YV_Ct-fysD<EOL>Qe3c83kKObf3wuCl24CXpuk3JGsrCmus4mASoj88JYTP2kstNQHjlqhmktmKxjdh><EOL>Please log in via your web browser and then try again.<EOL> Learn more at<EOL> https://support.google.com/mail/answer/78754 l15sm7752963wrv.87 - gsmtp<EOL>
21/07/13 15:33:19 : <https://accounts.google.com/signin/continue?sarp=1&scc=1&plt=AKgnsbv<EOL>83OZ2FX1qCACs1GgFC4SfqmVjoRrxQtCB-nmo098XNbByozGoEua1OSZ9AknMOuHmTnFd<EOL>-_TYMc6EHnlmOzEuogR_WHNpJ_AlB0jxXLDJidcKbU8uj7CQp-TYldom3A1rj0W5><EOL>Please log in via your web browser and then try again.<EOL> Learn more at<EOL> https://support.google.com/mail/answer/78754 w15sm2855295wmi.3 - gsmtp<EOL>
21/07/13 15:33:21 : <https://accounts.google.com/signin/continue?sarp=1&scc=1&plt=AKgnsbt<EOL>kh2flKshmgsUMXh64NgrkEQEjDhFCdYJjHo_L0tD58NQ73dK0IAJleze3wG2s_6ZTHe6_<EOL>2aV5xAQWKPZFPs81_iTTQW5LEOgoZ-zqqDNFamlpytpXqEoBmC6xpEyXnO5Nc5Qj><EOL>Please log in via your web browser and then try again.<EOL> Learn more at<EOL> https://support.google.com/mail/answer/78754 b16sm14693440wrw.46 - gsmtp<EOL>
21/07/13 15:33:23 : <https://accounts.google.com/signin/continue?sarp=1&scc=1&plt=AKgnsbt<EOL>wJxyEYdzd0EO9s_FXM6O7P61FPcTV3mSG4DToI36SlAh0UlzsVmBYoIl-AOqGGMad-f-b<EOL>tdw7hhZOE4Nl7KZV2GgbPNEexmSAxIE34h4tmw4Q28cHT_DHRB6vFJdPxbMW8Enj><EOL>Please log in via your web browser and then try again.<EOL> Learn more at<EOL> https://support.google.com/mail/answer/78754 f12sm2329687wmg.16 - gsmtp<EOL>
21/07/13 15:33:24 : <https://accounts.google.com/signin/continue?sarp=1&scc=1&plt=AKgnsbs<EOL>vejoTAxkLC3ZZzTTQzeGhHOfCP9KAgd586tDBX0GlF2EFpEYtRBDvWUd5xxBBnFbutCqc<EOL>klxR3sKA8Nbvvoc2vqKxk8A52OkJOdl6L4Cw8JoDIZiFFx0n3pzu5RK4RvJkEa9-><EOL>Please log in via your web browser and then try again.<EOL> Learn more at<EOL> https://support.google.com/mail/answer/78754 t9sm17521657wmq.14 - gsmtp<EOL>
21/07/13 15:33:26 : <https://accounts.google.com/signin/continue?sarp=1&scc=1&plt=AKgnsbs<EOL>smGV-7ghiMnrUKWMngdLk3a3gIznxNOVqkyvifETlTx3F1-TiquI2h6v1CPlpxyj4j95e<EOL>3iirjfMYR9xqNldAYTy8R0i1Ga7uSzYBdUmd_sxMEebXNKOOAwN_CL1eno0-M6_C><EOL>Please log in via your web browser and then try again.<EOL> Learn more at<EOL> https://support.google.com/mail/answer/78754 p2sm14707372wma.27 - gsmtp<EOL>
21/07/13 15:33:28 : <https://accounts.google.com/signin/continue?sarp=1&scc=1&plt=AKgnsbt<EOL>3jnJXG7QrkIFcIW8vl1n3uMe-ukGGDMN8d_vCFfLDCuKNetDFOARqtUWAxR4ddHOZSPdt<EOL>UkAzu3SlPwF4TkANI5js1p2AnN_YqlWu1OKpaTw2UVd-5cBvWOLi-mFO-nBeRXvE><EOL>Please log in via your web browser and then try again.<EOL> Learn more at<EOL> https://support.google.com/mail/answer/78754 r67sm2404969wma.6 - gsmtp<EOL>
21/07/13 15:33:29 : <https://accounts.google.com/signin/continue?sarp=1&scc=1&plt=AKgnsbu<EOL>cPNG80vCd7VBOLkVnceZyAO8n4BABeKH7M2v7Qj5QMjKqmBOXDEF4yGZiTpLMyC-LfOeN<EOL>HS9jWngLFoddFA6icbmjDUBBMK7-qMybxTwSxzpQmF4ZYKzML1q0UYjAdhcRvYXG><EOL>Please log in via your web browser and then try again.<EOL> Learn more at<EOL> https://support.google.com/mail/answer/78754 e11sm16526216wrt.0 - gsmtp<EOL>
21/07/13 15:33:30 : <https://accounts.google.com/signin/continue?sarp=1&scc=1&plt=AKgnsbs<EOL>vh8rnRz92klyM-IQkCT1GcbdY2UwA5ToCtTHM2sPkAbHeToAXplreIFSuj3mQk8UBe7U4<EOL>tN9-4TmMHEGLoNQ15gC5L1iJnV0aUa6Bu6EbvPtfi51A0AUWA92wBDKR3skpvSAa><EOL>Please log in via your web browser and then try again.<EOL> Learn more at<EOL> https://support.google.com/mail/answer/78754 p5sm18309696wrd.25 - gsmtp<EOL>
21/07/15 12:18:22 : <https://accounts.google.com/signin/continue?sarp=1&scc=1&plt=AKgnsbs<EOL>W-I0rBq5iYl5oF1NbRetKyLglrACrR7-YnZ-jvzDQXaDka9hEF_OLIv_eyON4TdcSQD1m<EOL>3VA_QqEgi4CXNGx4fYTYZtAiiG28GL-pvp7eRKjwIrRLsila22pn_uWSxdWJywSD><EOL>Please log in via your web browser and then try again.<EOL> Learn more at<EOL> https://support.google.com/mail/answer/78754 a207sm9132073wme.27 - gsmtp<EOL>
21/07/15 12:18:22 : <https://accounts.google.com/signin/continue?sarp=1&scc=1&plt=AKgnsbs<EOL>pNXrszlVm7SLOqxl6_47HUf1J63_CTNmdtpfh6dEwVACrHGUSs7pdBhenHMz2gtDk6XJK<EOL>rkj84dXN6XYCujnmbHyMZLqPHdhfSwUlkpZ2HiW9tX_4SBetXOetru1Wo6CRSrAn><EOL>Please log in via your web browser and then try again.<EOL> Learn more at<EOL> https://support.google.com/mail/answer/78754 m187sm5686884wmm.16 - gsmtp<EOL>
21/07/15 12:18:23 : <https://accounts.google.com/signin/continue?sarp=1&scc=1&plt=AKgnsbv<EOL>slOC9bc1mMotX3VEabcG3NX9qNegM-eOv9jXZ4eV0Ot0htJqWsw0Vl6swWwc8QnuTFbGC<EOL>BARza7iK_apLvi-jnbeN9I-9HaYhzOAJNiz6P93wC2YehHqFmu4yFcsGDuo8dopi><EOL>Please log in via your web browser and then try again.<EOL> Learn more at<EOL> https://support.google.com/mail/answer/78754 f7sm5875000wru.11 - gsmtp<EOL>
21/07/15 12:18:24 : <https://accounts.google.com/signin/continue?sarp=1&scc=1&plt=AKgnsbt<EOL>9Cjtj6PSv09fSxRuiq9EWCgyEkfXcK8t_RLF48C8oIjQCbevaP0U1v-Y-RaW8rK4Cc9g4<EOL>PTct79oklFgDWdkP4jCqWwSZzL2lgonS2-yj8d-gDUZPj9s1qCsknUBfEVGgSPzC><EOL>Please log in via your web browser and then try again.<EOL> Learn more at<EOL> https://support.google.com/mail/answer/78754 r9sm4279866wmq.25 - gsmtp<EOL>
21/07/15 12:18:24 : <https://accounts.google.com/signin/continue?sarp=1&scc=1&plt=AKgnsbs<EOL>KwSJoITi3VgH_EnfU7ZuCjVLLD_eFVR4_56NuORBEkKQk_lZ3hwvZHpM27uOR7gR2p5IY<EOL>xrDbfoJpOTJAqcxlDUWrmWGEthbrZRZ3gyLhXQcimUaspAW1QTA7ea-sD39B5Hhe><EOL>Please log in via your web browser and then try again.<EOL> Learn more at<EOL> https://support.google.com/mail/answer/78754 139sm5577393wma.32 - gsmtp<EOL>
21/07/15 12:18:25 : <https://accounts.google.com/signin/continue?sarp=1&scc=1&plt=AKgnsbv<EOL>vz8EE0J1RtAk1digC9iUfpy-hnOWk69yNkYeAGgzj74hTSdxBytLnjXCzJS0ZLWd5yPiD<EOL>-rKcRKZ4RDWeNxX5j_Aj8AVdKo9JVEc5GPMcpKy18xkGUZcMOtnndzfNGom_KD7z><EOL>Please log in via your web browser and then try again.<EOL> Learn more at<EOL> https://support.google.com/mail/answer/78754 t3sm7705584wmi.14 - gsmtp<EOL>
21/07/15 12:19:23 : <https://accounts.google.com/signin/continue?sarp=1&scc=1&plt=AKgnsbv<EOL>Xhn1dsrms1J-yufGZcJaH_MIPOPJH1hA2MTZ4Xu-Sq4iGRRXFqJxq0vS4B_LdmoLono8h<EOL>N3eRYRHGBg2uxiKEFGRi4zRgIWU-E8_H0S6jR7ekrftst-Adn0pfwpseXTKBPqwG><EOL>Please log in via your web browser and then try again.<EOL> Learn more at<EOL> https://support.google.com/mail/answer/78754 f13sm6314268wrt.86 - gsmtp<EOL>
21/07/15 12:19:25 : <https://accounts.google.com/signin/continue?sarp=1&scc=1&plt=AKgnsbs<EOL>A5nqHyi0reWivtHvTImas_F1-6j1c0xBkj6XfmHuyxCcPPIS_3ixAuypEYKTpLIlPmOg_<EOL>X8gX7UN9xWA8VlqKaekhP1PpqA9a-b4CJBvzMZE3-YJnHeYCUzz3VXmw9mVg1OAK><EOL>Please log in via your web browser and then try again.<EOL> Learn more at<EOL> https://support.google.com/mail/answer/78754 m187sm5691417wmm.16 - gsmtp<EOL>
21/07/15 12:19:25 : <https://accounts.google.com/signin/continue?sarp=1&scc=1&plt=AKgnsbs<EOL>dy2DZJRX27fgPt8b7LIfxEV3TMOx5UmxfOU99Sc8RQhehbzN2Ojr9sru7rW0PyzYgF5uz<EOL>zR0XRBXYl_gNEWBb2ieF-XbOAJnKLIMMn0kxaPYmH-IjoqUMF8BZr6yQSJq_jJF6><EOL>Please log in via your web browser and then try again.<EOL> Learn more at<EOL> https://support.google.com/mail/answer/78754 n23sm4339549wms.4 - gsmtp<EOL>
21/07/15 12:19:27 : <https://accounts.google.com/signin/continue?sarp=1&scc=1&plt=AKgnsbs<EOL>WF2Fy5zzbXH0DLdpNXwb-1VMOIVIiPiAImMNCJoM26Q-s2hDNuF6Bvtk3t4aGYHls-9_S<EOL>S6LwHtLcCMxWmeRlS_moCm6xg5Z9mBhXR_sm46qxtfoCiX2nGNct-nHDtHwalwYs><EOL>Please log in via your web browser and then try again.<EOL> Learn more at<EOL> https://support.google.com/mail/answer/78754 r16sm7762253wmg.11 - gsmtp<EOL>
21/07/15 12:19:27 : <https://accounts.google.com/signin/continue?sarp=1&scc=1&plt=AKgnsbs<EOL>uzxkC0fTmQC8M8BFrIMceOT2VK5Oe1UWMZfhNIcNA8Dzhyew9ytZHtsjRX1edrUo1pasP<EOL>g9vsebD5dzHCxJzXJVJRmLLOdAEHKQ5V7xlvq_FLcpAiUaO2vSRbfVwMBXGsBgeV><EOL>Please log in via your web browser and then try again.<EOL> Learn more at<EOL> https://support.google.com/mail/answer/78754 p2sm4467922wmg.6 - gsmtp<EOL>
21/07/15 12:19:28 : <https://accounts.google.com/signin/continue?sarp=1&scc=1&plt=AKgnsbt<EOL>wbo9bdwNtdXar37ODSMh2J9pvUV_jk11KYRl28_Hv9ousTNCEWbwxNKx9PEDbJTHrOc6e<EOL>2PGh8QE0WqMq20BnzQJztJ1xPWGycUky1g9JzVockEgqVGcRvazA4XpewDN1PlZC><EOL>Please log in via your web browser and then try again.<EOL> Learn more at<EOL> https://support.google.com/mail/answer/78754 d8sm5855924wrv.20 - gsmtp<EOL>
21/07/15 12:59:43 : <https://accounts.google.com/signin/continue?sarp=1&scc=1&plt=AKgnsbt<EOL>JF9nM2nlhSMLWwBqDZAw7D8timAfC6eXHMpCxHV3DYRoktafM01lBa_JPmZP_BH9-wYQX<EOL>JK_3gxyJcteLgCRIoVhSrjBADEll2AVdYMwAeLlUnzkYG2Oh47a5_Y69_4bzb-ZZ><EOL>Please log in via your web browser and then try again.<EOL> Learn more at<EOL> https://support.google.com/mail/answer/78754 x9sm6267883wrm.82 - gsmtp<EOL>
21/07/15 12:59:44 : <https://accounts.google.com/signin/continue?sarp=1&scc=1&plt=AKgnsbu<EOL>SDjb7UDZqJVQ97eNXNhX2ds1czglkmVVWzEPdH-UcpC5aFMK9uv3xpkyJPGfX-HWN4pZ4<EOL>rJRfVt3W_mMGV6D7IydMqDveTtRKbXLihjU5_tBBMMWhVgiaoj4dF4UPCDAAZOsZ><EOL>Please log in via your web browser and then try again.<EOL> Learn more at<EOL> https://support.google.com/mail/answer/78754 l39sm4845072wms.1 - gsmtp<EOL>
21/07/15 12:59:46 : <https://accounts.google.com/signin/continue?sarp=1&scc=1&plt=AKgnsbt<EOL>tluGZ5OeIwPoYvsi_f8UeiracSneh3kLFE3f-QuEP7osHH7V0urKqJgUkBnQSjQeoEarg<EOL>Ff_CD9x_1pxop83oc6Wn7_wCUzDS8OEAFZyTHT4LJXj1G6M4aPlvpTctgbuQY1Lr><EOL>Please log in via your web browser and then try again.<EOL> Learn more at<EOL> https://support.google.com/mail/answer/78754 l18sm8657870wme.29 - gsmtp<EOL>
21/07/15 13:04:39 : <https://accounts.google.com/signin/continue?sarp=1&scc=1&plt=AKgnsbs<EOL>t-Hk0ldTCEGwBCD8mc8p_oAhRuOFPOfkPoOKtyMED5fTBwrUTt5AxOfuhVMcpOYZbmSue<EOL>5ljTfa1-wH7n7nFp6UNGmeM5wqSH2Mqrqp9NIULq6w3zWDxlzwFzmq42r6OJ48Tc><EOL>Please log in via your web browser and then try again.<EOL> Learn more at<EOL> https://support.google.com/mail/answer/78754 d10sm5817730wro.43 - gsmtp<EOL>
21/07/15 13:04:41 : <https://accounts.google.com/signin/continue?sarp=1&scc=1&plt=AKgnsbu<EOL>crDqUhHA5qOYA6D0WD73AQ1R7u-WiRgDyfNtje_Yw1X5f9fmGoWC5jlkl7vvulQRwfWP_<EOL>FBTBbCj2Hzk0I4IRgQeDvCfHCn-XX_2CGUGQs3Y1HIzew-GXH1VWrV8qeAQ1TdsK><EOL>Please log in via your web browser and then try again.<EOL> Learn more at<EOL> https://support.google.com/mail/answer/78754 r19sm6512236wrg.74 - gsmtp<EOL>
21/07/15 13:04:43 : <https://accounts.google.com/signin/continue?sarp=1&scc=1&plt=AKgnsbt<EOL>ihQ6nb7d1DReXJoFqZJjPHGigvSpFMzW_vrWaMiuHXh9Pil9682g-AGBIIxyK7iWOPFYI<EOL>8VqCrhQ8tDEL3toEwcSeuanJusupQ-MU2kzmhNHP7hOugi9msxEbN-AGsEwjlX7n><EOL>Please log in via your web browser and then try again.<EOL> Learn more at<EOL> https://support.google.com/mail/answer/78754 12sm8249827wme.28 - gsmtp<EOL>
21/07/15 13:05:11 : <https://accounts.google.com/signin/continue?sarp=1&scc=1&plt=AKgnsbs<EOL>42TVKfh2dKTB6YF5-5eEfD0fOujD1GO5efpi2at3qawnB8AypB3mi2ZfuD9n3hoCi0mxP<EOL>SPHzcQwLYsJBX0V67MbWXl0noIJoe6Q5U6sldtAfaqxvdJFdfYKM_gR-pywlCas3><EOL>Please log in via your web browser and then try again.<EOL> Learn more at<EOL> https://support.google.com/mail/answer/78754 i12sm6033999wrp.57 - gsmtp<EOL>
21/07/15 13:05:13 : <https://accounts.google.com/signin/continue?sarp=1&scc=1&plt=AKgnsbv<EOL>-AqBNP7iILjLCeJSIzwiY2OESafIdk9nZoFmhtV3MrBBs9NBLPbPzc8Dv04f8lDyTxqG9<EOL>L_D2JQylQMfELf6GtpahSR5GV5y87joHf0wUIdDMr_oV1Bf9xFSoC-Ho4uOkVirw><EOL>Please log in via your web browser and then try again.<EOL> Learn more at<EOL> https://support.google.com/mail/answer/78754 d18sm6229179wrw.7 - gsmtp<EOL>
21/07/15 13:05:14 : <https://accounts.google.com/signin/continue?sarp=1&scc=1&plt=AKgnsbt<EOL>aNooU-9eDNx_7csoB8CF6Gbu7uJ87FiD7MVkDWPPXto8EwIP8XR6Ae-uvais2o5Xw8M4E<EOL>ug1bhsdsoMP2pUDSrU1Ns26mXn_xpcIIlYBz1l-podRNVUXHZyAAG5gAoOmrJLOZ><EOL>Please log in via your web browser and then try again.<EOL> Learn more at<EOL> https://support.google.com/mail/answer/78754 t16sm6012879wrp.44 - gsmtp<EOL>
21/11/04 14:44:26 : Username and Password not accepted. Learn more at<EOL> https://support.google.com/mail/?p=BadCredentials c5sm1852184wrd.13 - gsmtp<EOL>
21/11/04 14:44:26 : Username and Password not accepted. Learn more at<EOL> https://support.google.com/mail/?p=BadCredentials l15sm1115385wme.47 - gsmtp<EOL>
21/11/04 14:44:26 : Username and Password not accepted. Learn more at<EOL> https://support.google.com/mail/?p=BadCredentials c15sm5001772wrs.19 - gsmtp<EOL>
21/11/04 14:44:26 : Username and Password not accepted. Learn more at<EOL> https://support.google.com/mail/?p=BadCredentials z12sm4967548wrv.78 - gsmtp<EOL>
21/11/04 14:44:26 : Username and Password not accepted. Learn more at<EOL> https://support.google.com/mail/?p=BadCredentials u14sm5072351wrt.49 - gsmtp<EOL>
21/11/04 14:44:27 : Username and Password not accepted. Learn more at<EOL> https://support.google.com/mail/?p=BadCredentials k15sm5090754wrx.53 - gsmtp<EOL>
21/11/04 14:44:28 : Username and Password not accepted. Learn more at<EOL> https://support.google.com/mail/?p=BadCredentials n7sm5004517wra.37 - gsmtp<EOL>
21/11/04 14:44:29 : Username and Password not accepted. Learn more at<EOL> https://support.google.com/mail/?p=BadCredentials h27sm10024774wmc.43 - gsmtp<EOL>
21/11/04 14:44:29 : Username and Password not accepted. Learn more at<EOL> https://support.google.com/mail/?p=BadCredentials b197sm5102535wmb.24 - gsmtp<EOL>
21/11/04 14:44:31 : Username and Password not accepted. Learn more at<EOL> https://support.google.com/mail/?p=BadCredentials z6sm5425545wrm.93 - gsmtp<EOL>
21/11/04 14:44:31 : Username and Password not accepted. Learn more at<EOL> https://support.google.com/mail/?p=BadCredentials h17sm5241904wrp.34 - gsmtp<EOL>
21/11/04 14:44:31 : Username and Password not accepted. Learn more at<EOL> https://support.google.com/mail/?p=BadCredentials d9sm5002769wre.52 - gsmtp<EOL>
21/11/04 14:44:32 : Username and Password not accepted. Learn more at<EOL> https://support.google.com/mail/?p=BadCredentials o12sm1071881wmq.12 - gsmtp<EOL>
21/11/04 14:44:33 : Username and Password not accepted. Learn more at<EOL> https://support.google.com/mail/?p=BadCredentials 6sm5214632wma.48 - gsmtp<EOL>
21/11/04 14:44:33 : Username and Password not accepted. Learn more at<EOL> https://support.google.com/mail/?p=BadCredentials f19sm5393483wmq.34 - gsmtp<EOL>
21/11/04 14:44:33 : Username and Password not accepted. Learn more at<EOL> https://support.google.com/mail/?p=BadCredentials k37sm5173472wms.21 - gsmtp<EOL>
21/11/04 14:44:33 : Username and Password not accepted. Learn more at<EOL> https://support.google.com/mail/?p=BadCredentials g5sm95163wri.45 - gsmtp<EOL>
21/11/04 14:44:33 : Username and Password not accepted. Learn more at<EOL> https://support.google.com/mail/?p=BadCredentials k37sm5173475wms.21 - gsmtp<EOL>
21/11/04 14:44:34 : Username and Password not accepted. Learn more at<EOL> https://support.google.com/mail/?p=BadCredentials t189sm5072672wma.8 - gsmtp<EOL>
21/11/04 14:44:34 : Username and Password not accepted. Learn more at<EOL> https://support.google.com/mail/?p=BadCredentials q84sm10981691wme.3 - gsmtp<EOL>
21/11/04 14:44:34 : Username and Password not accepted. Learn more at<EOL> https://support.google.com/mail/?p=BadCredentials i15sm8410922wmb.20 - gsmtp<EOL>
21/11/04 14:44:35 : Username and Password not accepted. Learn more at<EOL> https://support.google.com/mail/?p=BadCredentials w17sm5220771wrp.79 - gsmtp<EOL>
21/11/04 14:58:32 : Authentication Required. Learn more at<EOL> https://support.google.com/mail/?p=WantAuthError t1sm5685425wre.32 - gsmtp<EOL>
21/11/04 14:58:32 : Authentication Required. Learn more at<EOL> https://support.google.com/mail/?p=WantAuthError v185sm8672390wme.35 - gsmtp<EOL>
21/11/05 08:59:12 : Message is missing recipient's address
21/11/05 08:59:12 : Message is missing recipient's address
21/11/05 08:59:12 : Message is missing recipient's address
21/11/05 08:59:12 : Message is missing recipient's address
21/11/05 09:26:14 : Username and Password not accepted. Learn more at<EOL> https://support.google.com/mail/?p=BadCredentials o4sm8630448wry.80 - gsmtp<EOL>
21/11/05 09:27:47 : Username and Password not accepted. Learn more at<EOL> https://support.google.com/mail/?p=BadCredentials f18sm7271573wre.7 - gsmtp<EOL>
21/11/05 09:29:05 : Username and Password not accepted. Learn more at<EOL> https://support.google.com/mail/?p=BadCredentials q26sm7216160wrc.39 - gsmtp<EOL>
21/11/05 09:29:05 : Username and Password not accepted. Learn more at<EOL> https://support.google.com/mail/?p=BadCredentials q84sm13314764wme.3 - gsmtp<EOL>
21/11/05 09:29:05 : Username and Password not accepted. Learn more at<EOL> https://support.google.com/mail/?p=BadCredentials z15sm7391366wrr.65 - gsmtp<EOL>
21/11/05 09:29:06 : Username and Password not accepted. Learn more at<EOL> https://support.google.com/mail/?p=BadCredentials m20sm4275489wmq.11 - gsmtp<EOL>
21/11/05 09:29:06 : Username and Password not accepted. Learn more at<EOL> https://support.google.com/mail/?p=BadCredentials e7sm5396564wrg.31 - gsmtp<EOL>
21/11/05 09:29:06 : Username and Password not accepted. Learn more at<EOL> https://support.google.com/mail/?p=BadCredentials l18sm7784783wrt.81 - gsmtp<EOL>
21/11/05 09:29:06 : Username and Password not accepted. Learn more at<EOL> https://support.google.com/mail/?p=BadCredentials q26sm7216199wrc.39 - gsmtp<EOL>
21/11/05 09:29:06 : Username and Password not accepted. Learn more at<EOL> https://support.google.com/mail/?p=BadCredentials 10sm9090025wrb.75 - gsmtp<EOL>
21/11/05 09:29:07 : Username and Password not accepted. Learn more at<EOL> https://support.google.com/mail/?p=BadCredentials f3sm10484709wmb.12 - gsmtp<EOL>
21/11/05 09:29:07 : Username and Password not accepted. Learn more at<EOL> https://support.google.com/mail/?p=BadCredentials r17sm3458558wmq.5 - gsmtp<EOL>
21/11/05 09:29:07 : Username and Password not accepted. Learn more at<EOL> https://support.google.com/mail/?p=BadCredentials i15sm9516293wmq.18 - gsmtp<EOL>
21/11/05 09:29:07 : Username and Password not accepted. Learn more at<EOL> https://support.google.com/mail/?p=BadCredentials z15sm7391428wrr.65 - gsmtp<EOL>
21/11/05 09:29:07 : Username and Password not accepted. Learn more at<EOL> https://support.google.com/mail/?p=BadCredentials x1sm6970182wmc.22 - gsmtp<EOL>
21/11/05 09:29:08 : Username and Password not accepted. Learn more at<EOL> https://support.google.com/mail/?p=BadCredentials a134sm7632497wmd.9 - gsmtp<EOL>
21/11/05 09:29:08 : Username and Password not accepted. Learn more at<EOL> https://support.google.com/mail/?p=BadCredentials b197sm6999267wmb.24 - gsmtp<EOL>
21/11/05 09:29:08 : Username and Password not accepted. Learn more at<EOL> https://support.google.com/mail/?p=BadCredentials j17sm1014370wmq.41 - gsmtp<EOL>
21/11/05 09:29:08 : Username and Password not accepted. Learn more at<EOL> https://support.google.com/mail/?p=BadCredentials g5sm3166099wri.45 - gsmtp<EOL>
